*****  Yesterday (2019)  *****
'folder.jpg' successfully removed
'Yesterday (2019).jpg' successfully removed
'poster.jpg' successfully removed
'fanart.jpg' successfully removed
'Yesterday (2019) Bluray-1080p.mkv' successfully removed
'Yesterday (2019) Bluray-1080p.xml' successfully removed
'Yesterday (2019) Bluray-1080p.nfo' successfully removed
'/mnt/user/Plex Media/Movies/Yesterday (2019)/' successfully removed



*****  The Wizard of Oz (1939)  *****
'folder.jpg' successfully removed
'The Wizard of Oz (1939).jpg' successfully removed
'poster.jpg' successfully removed
'fanart.jpg' successfully removed
'The Wizard of Oz (1939) Bluray-1080p.mkv' successfully removed
'The Wizard of Oz (1939) Bluray-1080p.xml' successfully removed
'The Wizard of Oz (1939) Bluray-1080p.nfo' successfully removed
'/mnt/user/Plex Media/Movies/The Wizard of Oz (1939)/' successfully removed



*****  The Whole Ten Yards (2004)  *****
'folder.jpg' successfully removed
'The Whole Ten Yards (2004).jpg' successfully removed
'poster.jpg' successfully removed
'fanart.jpg' successfully removed
'The Whole Ten Yards (2004) WEBDL-1080p.mkv' successfully removed
'The Whole Ten Yards (2004) WEBDL-1080p.xml' successfully removed
'The Whole Ten Yards (2004) WEBDL-1080p.nfo' successfully removed
'/mnt/user/Plex Media/Movies/The Whole Ten Yards (2004)/' successfully removed



*****  The Whole Nine Yards (2000)  *****
'folder.jpg' successfully removed
'The Whole Nine Yards (2000).jpg' successfully removed
'poster.jpg' successfully removed
'fanart.jpg' successfully removed
'The Whole Nine Yards (2000) WEBDL-1080p.mkv' successfully removed
'The Whole Nine Yards (2000) WEBDL-1080p.xml' successfully removed
'The Whole Nine Yards (2000) WEBDL-1080p.nfo' successfully removed
'/mnt/user/Plex Media/Movies/The Whole Nine Yards (2000)/' successfully removed



*****  Walk Hard The Dewey Cox Story (2007)  *****
'folder.jpg' successfully removed
'Walk Hard The Dewey Cox Story (2007).jpg' successfully removed
'poster.jpg' successfully removed
'fanart.jpg' successfully removed
'Walk Hard The Dewey Cox Story (2007) Bluray-1080p Proper.mkv' successfully removed
'Walk Hard The Dewey Cox Story (2007) Bluray-1080p Proper.xml' successfully removed
'Walk Hard The Dewey Cox Story (2007) Bluray-1080p Proper.nfo' successfully removed
'/mnt/user/Plex Media/Movies/Walk Hard The Dewey Cox Story (2007)/' successfully removed



*****  Veronica Mars (2014)  *****
'folder.jpg' successfully removed
'Veronica Mars (2014).jpg' successfully removed
'poster.jpg' successfully removed
'fanart.jpg' successfully removed
'Veronica Mars (2014) WEBDL-1080p.mkv' successfully removed
'Veronica Mars (2014) WEBDL-1080p.xml' successfully removed
'Veronica Mars (2014) WEBDL-1080p.nfo' successfully removed
'/mnt/user/Plex Media/Movies/Veronica Mars (2014)/' successfully removed



*****  Underworld Rise of the Lycans (2009)  *****
'folder.jpg' successfully removed
'Underworld Rise of the Lycans (2009).jpg' successfully removed
'poster.jpg' successfully removed
'fanart.jpg' successfully removed
'Underworld Rise of the Lycans (2009) Bluray-1080p.mkv' successfully removed
'Underworld Rise of the Lycans (2009) Bluray-1080p.xml' successfully removed
'Underworld Rise of the Lycans (2009) Bluray-1080p.nfo' successfully removed
'/mnt/user/Plex Media/Movies/Underworld Rise of the Lycans (2009)/' successfully removed



*****  Underworld Evolution (2006)  *****
'folder.jpg' successfully removed
'Underworld Evolution (2006).jpg' successfully removed
'poster.jpg' successfully removed
'fanart.jpg' successfully removed
'Underworld Evolution (2006) Bluray-1080p Proper.mkv' successfully removed
'Underworld Evolution (2006) Bluray-1080p Proper.xml' successfully removed
'Underworld Evolution (2006) Bluray-1080p Proper.nfo' successfully removed
'/mnt/user/Plex Media/Movies/Underworld Evolution (2006)/' successfully removed



*****  Underworld Awakening (2012)  *****
'folder.jpg' successfully removed
'Underworld Awakening (2012).jpg' successfully removed
'poster.jpg' successfully removed
'fanart.jpg' successfully removed
'Underworld Awakening (2012) Bluray-1080p.mkv' successfully removed
'Underworld Awakening (2012) Bluray-1080p.xml' successfully removed
'Underworld Awakening (2012) Bluray-1080p.nfo' successfully removed
'/mnt/user/Plex Media/Movies/Underworld Awakening (2012)/' successfully removed



*****  Underworld (2003)  *****
'folder.jpg' successfully removed
'Underworld (2003).jpg' successfully removed
'poster.jpg' successfully removed
'fanart.jpg' successfully removed
'Underworld (2003) Bluray-1080p.mkv' successfully removed
'Underworld (2003) Bluray-1080p.xml' successfully removed
'Underworld (2003) Bluray-1080p.nfo' successfully removed
'/mnt/user/Plex Media/Movies/Underworld (2003)/' successfully removed



*****  UglyDolls (2019)  *****
'folder.jpg' successfully removed
'UglyDolls (2019).jpg' successfully removed
'poster.jpg' successfully removed
'fanart.jpg' successfully removed
'UglyDolls (2019) Bluray-1080p.mkv' successfully removed
'UglyDolls (2019) Bluray-1080p.xml' successfully removed
'UglyDolls (2019) Bluray-1080p.nfo' successfully removed
'/mnt/user/Plex Media/Movies/UglyDolls (2019)/' successfully removed



*****  The Twilight Saga New Moon (2009)  *****
'folder.jpg' successfully removed
'The Twilight Saga New Moon (2009).jpg' successfully removed
'poster.jpg' successfully removed
'fanart.jpg' successfully removed
'The Twilight Saga New Moon (2009) Bluray-1080p.mkv' successfully removed
'The Twilight Saga New Moon (2009) Bluray-1080p.xml' successfully removed
'The Twilight Saga New Moon (2009) Bluray-1080p.nfo' successfully removed
'/mnt/user/Plex Media/Movies/The Twilight Saga New Moon (2009)/' successfully removed



*****  Toy Story 3 (2010)  *****
'folder.jpg' successfully removed
'Toy Story 3 (2010).jpg' successfully removed
'poster.jpg' successfully removed
'fanart.jpg' successfully removed
'Toy Story 3 (2010) Bluray-2160p.mkv' successfully removed
'Toy Story 3 (2010) Bluray-2160p.xml' successfully removed
'Toy Story 3 (2010) Bluray-2160p.nfo' successfully removed
'/mnt/user/Plex Media/Movies/Toy Story 3 (2010)/' successfully removed



*****  Top Secret! (1984)  *****
'folder.jpg' successfully removed
'Top Secret! (1984).jpg' successfully removed
'poster.jpg' successfully removed
'fanart.jpg' successfully removed
'Top Secret! (1984) WEBDL-1080p.mkv' successfully removed
'Top Secret! (1984) WEBDL-1080p.xml' successfully removed
'Top Secret! (1984) WEBDL-1080p.nfo' successfully removed
'/mnt/user/Plex Media/Movies/Top Secret! (1984)/' successfully removed



*****  Thor The Dark World (2013)  *****
'folder.jpg' successfully removed
'Thor The Dark World (2013).jpg' successfully removed
'poster.jpg' successfully removed
'fanart.jpg' successfully removed
'Thor The Dark World (2013) Bluray-1080p.mkv' successfully removed
'Thor The Dark World (2013) Bluray-1080p.xml' successfully removed
'Thor The Dark World (2013) Bluray-1080p.nfo' successfully removed
'/mnt/user/Plex Media/Movies/Thor The Dark World (2013)/' successfully removed



*****  Thor (2011)  *****
'folder.jpg' successfully removed
'Thor (2011).jpg' successfully removed
'poster.jpg' successfully removed
'fanart.jpg' successfully removed
'Thor (2011) Bluray-2160p.mkv' successfully removed
'Thor (2011) Bluray-2160p.xml' successfully removed
'Thor (2011) Bluray-2160p.nfo' successfully removed
'/mnt/user/Plex Media/Movies/Thor (2011)/' successfully removed



*****  The Sword in the Stone (1963)  *****
'The Sword in the Stone (1963) Bluray-1080p.mkv' successfully removed
'folder.jpg' successfully removed
'The Sword in the Stone (1963) Bluray-1080p.xml' successfully removed
'The Sword in the Stone (1963).jpg' successfully removed
'poster.jpg' successfully removed
'fanart.jpg' successfully removed
'The Sword in the Stone (1963) Bluray-1080p.nfo' successfully removed
'/mnt/user/Plex Media/Movies/The Sword in the Stone (1963)/' successfully removed



*****  Stuber (2019)  *****
'folder.jpg' successfully removed
'Stuber (2019).jpg' successfully removed
'poster.jpg' successfully removed
'fanart.jpg' successfully removed
'Stuber (2019) Bluray-1080p.mkv' successfully removed
'Stuber (2019) Bluray-1080p.xml' successfully removed
'Stuber (2019) Bluray-1080p.nfo' successfully removed
'/mnt/user/Plex Media/Movies/Stuber (2019)/' successfully removed



*****  Spider-Man Homecoming (2017)  *****
'folder.jpg' successfully removed
'Spider-Man Homecoming (2017).jpg' successfully removed
'poster.jpg' successfully removed
'fanart.jpg' successfully removed
'Spider-Man Homecoming (2017) WEBDL-1080p.mkv' successfully removed
'Spider-Man Homecoming (2017) WEBDL-1080p.xml' successfully removed
'Spider-Man Homecoming (2017) WEBDL-1080p.nfo' successfully removed
'/mnt/user/Plex Media/Movies/Spider-Man Homecoming (2017)/' successfully removed



*****  Spider-Man Far from Home (2019)  *****
'folder.jpg' successfully removed
'Spider-Man Far from Home (2019).jpg' successfully removed
'poster.jpg' successfully removed
'fanart.jpg' successfully removed
'Spider-Man Far from Home (2019) Bluray-1080p.mkv' successfully removed
'Spider-Man Far from Home (2019) Bluray-1080p.xml' successfully removed
'Spider-Man Far from Home (2019) Bluray-1080p.nfo' successfully removed
'/mnt/user/Plex Media/Movies/Spider-Man Far from Home (2019)/' successfully removed



*****  The Shawshank Redemption (1994)  *****
'folder.jpg' successfully removed
'The Shawshank Redemption (1994).jpg' successfully removed
'poster.jpg' successfully removed
'fanart.jpg' successfully removed
'The Shawshank Redemption (1994) WEBDL-1080p.mkv' successfully removed
'The Shawshank Redemption (1994) WEBDL-1080p.xml' successfully removed
'The Shawshank Redemption (1994) WEBDL-1080p.nfo' successfully removed
'/mnt/user/Plex Media/Movies/The Shawshank Redemption (1994)/' successfully removed



*****  The Secret Life of Pets 2 (2019)  *****
'folder.jpg' successfully removed
'The Secret Life of Pets 2 (2019).jpg' successfully removed
'poster.jpg' successfully removed
'fanart.jpg' successfully removed
'The Secret Life of Pets 2 (2019) Bluray-1080p.mkv' successfully removed
'The Secret Life of Pets 2 (2019) Bluray-1080p.xml' successfully removed
'The Secret Life of Pets 2 (2019) Bluray-1080p.nfo' successfully removed
'/mnt/user/Plex Media/Movies/The Secret Life of Pets 2 (2019)/' successfully removed



*****  The Santa Clause 3 The Escape Clause (2006)  *****
'folder.jpg' successfully removed
'The Santa Clause 3 The Escape Clause (2006).jpg' successfully removed
'poster.jpg' successfully removed
'fanart.jpg' successfully removed
'The Santa Clause 3 The Escape Clause (2006) Bluray-1080p.mkv' successfully removed
'The Santa Clause 3 The Escape Clause (2006) Bluray-1080p.xml' successfully removed
'The Santa Clause 3 The Escape Clause (2006) Bluray-1080p.nfo' successfully removed
'/mnt/user/Plex Media/Movies/The Santa Clause 3 The Escape Clause (2006)/' successfully removed



*****  The Santa Clause 2 (2002)  *****
'folder.jpg' successfully removed
'The Santa Clause 2 (2002).jpg' successfully removed
'poster.jpg' successfully removed
'fanart.jpg' successfully removed
'The Santa Clause 2 (2002) Bluray-1080p.mkv' successfully removed
'The Santa Clause 2 (2002) Bluray-1080p.xml' successfully removed
'The Santa Clause 2 (2002) Bluray-1080p.nfo' successfully removed
'/mnt/user/Plex Media/Movies/The Santa Clause 2 (2002)/' successfully removed



*****  The Santa Clause (1994)  *****
'folder.jpg' successfully removed
'The Santa Clause (1994).jpg' successfully removed
'poster.jpg' successfully removed
'fanart.jpg' successfully removed
'The Santa Clause (1994) Bluray-1080p.mkv' successfully removed
'The Santa Clause (1994) Bluray-1080p.xml' successfully removed
'The Santa Clause (1994) Bluray-1080p.nfo' successfully removed
'/mnt/user/Plex Media/Movies/The Santa Clause (1994)/' successfully removed



*****  Ribbit (2014)  *****
'folder.jpg' successfully removed
'Ribbit (2014).jpg' successfully removed
'poster.jpg' successfully removed
'fanart.jpg' successfully removed
'Ribbit (2014) Bluray-1080p.mkv' successfully removed
'Ribbit (2014) Bluray-1080p.xml' successfully removed
'Ribbit (2014) Bluray-1080p.nfo' successfully removed
'/mnt/user/Plex Media/Movies/Ribbit (2014)/' successfully removed



*****  Rambo Last Blood (2019)  *****
'folder.jpg' successfully removed
'Rambo Last Blood (2019).jpg' successfully removed
'poster.jpg' successfully removed
'fanart.jpg' successfully removed
'Rambo Last Blood (2019) Bluray-1080p.mkv' successfully removed
'Rambo Last Blood (2019) Bluray-1080p.xml' successfully removed
'Rambo Last Blood (2019) Bluray-1080p.nfo' successfully removed
'/mnt/user/Plex Media/Movies/Rambo Last Blood (2019)/' successfully removed



*****  The Proposal (2009)  *****
'The Proposal (2009) Bluray-1080p.m2ts' successfully removed
'folder.jpg' successfully removed
'The Proposal (2009) Bluray-1080p.xml' successfully removed
'The Proposal (2009).jpg' successfully removed
'poster.jpg' successfully removed
'fanart.jpg' successfully removed
'The Proposal (2009) Bluray-1080p.nfo' successfully removed
'/mnt/user/Plex Media/Movies/The Proposal (2009)/' successfully removed



*****  Prancer (1989)  *****
'folder.jpg' successfully removed
'Prancer (1989).jpg' successfully removed
'poster.jpg' successfully removed
'fanart.jpg' successfully removed
'Prancer (1989) Bluray-1080p.mkv' successfully removed
'Prancer (1989) Bluray-1080p.xml' successfully removed
'Prancer (1989) Bluray-1080p.nfo' successfully removed
'/mnt/user/Plex Media/Movies/Prancer (1989)/' successfully removed



*****  Planes, Trains and Automobiles (1987)  *****
'folder.jpg' successfully removed
'Planes, Trains and Automobiles (1987).jpg' successfully removed
'poster.jpg' successfully removed
'fanart.jpg' successfully removed
'Planes, Trains and Automobiles (1987) Bluray-1080p.mkv' successfully removed
'Planes, Trains and Automobiles (1987) Bluray-1080p.xml' successfully removed
'Planes, Trains and Automobiles (1987) Bluray-1080p.nfo' successfully removed
'/mnt/user/Plex Media/Movies/Planes, Trains and Automobiles (1987)/' successfully removed



*****  Penguins of Madagascar (2014)  *****
'folder.jpg' successfully removed
'Penguins of Madagascar (2014).jpg' successfully removed
'poster.jpg' successfully removed
'fanart.jpg' successfully removed
'Penguins of Madagascar (2014) Bluray-1080p.mkv' successfully removed
'Penguins of Madagascar (2014) Bluray-1080p.xml' successfully removed
'Penguins of Madagascar (2014) Bluray-1080p.nfo' successfully removed
'/mnt/user/Plex Media/Movies/Penguins of Madagascar (2014)/' successfully removed



*****  Open Season Scared Silly (2015)  *****
'folder.jpg' successfully removed
'Open Season Scared Silly (2015).jpg' successfully removed
'poster.jpg' successfully removed
'fanart.jpg' successfully removed
'Open Season Scared Silly (2015) Bluray-1080p.mkv' successfully removed
'Open Season Scared Silly (2015) Bluray-1080p.xml' successfully removed
'Open Season Scared Silly (2015) Bluray-1080p.nfo' successfully removed
'/mnt/user/Plex Media/Movies/Open Season Scared Silly (2015)/' successfully removed



*****  Open Season 2 (2008)  *****
'folder.jpg' successfully removed
'Open Season 2 (2008).jpg' successfully removed
'poster.jpg' successfully removed
'fanart.jpg' successfully removed
'Open Season 2 (2008) Bluray-1080p.mkv' successfully removed
'Open Season 2 (2008) Bluray-1080p.xml' successfully removed
'Open Season 2 (2008) Bluray-1080p.nfo' successfully removed
'/mnt/user/Plex Media/Movies/Open Season 2 (2008)/' successfully removed



*****  Open Season (2006)  *****
'folder.jpg' successfully removed
'Open Season (2006).jpg' successfully removed
'poster.jpg' successfully removed
'fanart.jpg' successfully removed
'Open Season (2006) Bluray-1080p.mkv' successfully removed
'Open Season (2006) Bluray-1080p.xml' successfully removed
'Open Season (2006) Bluray-1080p.nfo' successfully removed
'/mnt/user/Plex Media/Movies/Open Season (2006)/' successfully removed



*****  One Magic Christmas (1985)  *****
'folder.jpg' successfully removed
'One Magic Christmas (1985).jpg' successfully removed
'poster.jpg' successfully removed
'fanart.jpg' successfully removed
'One Magic Christmas (1985) WEBDL-1080p.mkv' successfully removed
'One Magic Christmas (1985) WEBDL-1080p.xml' successfully removed
'One Magic Christmas (1985) WEBDL-1080p.nfo' successfully removed
'/mnt/user/Plex Media/Movies/One Magic Christmas (1985)/' successfully removed



*****  Once Upon a Deadpool (2018)  *****
'folder.jpg' successfully removed
'Once Upon a Deadpool (2018).jpg' successfully removed
'poster.jpg' successfully removed
'fanart.jpg' successfully removed
'Once Upon a Deadpool (2018) WEBDL-1080p.mkv' successfully removed
'Once Upon a Deadpool (2018) WEBDL-1080p.xml' successfully removed
'Once Upon a Deadpool (2018) WEBDL-1080p.nfo' successfully removed
'/mnt/user/Plex Media/Movies/Once Upon a Deadpool (2018)/' successfully removed



*****  Olaf's Frozen Adventure (2017)  *****
'folder.jpg' successfully removed
'Olaf's Frozen Adventure (2017).jpg' successfully removed
'poster.jpg' successfully removed
'fanart.jpg' successfully removed
'Olaf's Frozen Adventure (2017) Bluray-1080p.mkv' successfully removed
'Olaf's Frozen Adventure (2017) Bluray-1080p.xml' successfully removed
'Olaf's Frozen Adventure (2017) Bluray-1080p.nfo' successfully removed
'/mnt/user/Plex Media/Movies/Olaf's Frozen Adventure (2017)/' successfully removed



*****  Ocean's Twelve (2004)  *****
'folder.jpg' successfully removed
'Ocean's Twelve (2004).jpg' successfully removed
'poster.jpg' successfully removed
'fanart.jpg' successfully removed
'Ocean's Twelve (2004) Bluray-1080p.mkv' successfully removed
'Ocean's Twelve (2004) Bluray-1080p.xml' successfully removed
'Ocean's Twelve (2004) Bluray-1080p.nfo' successfully removed
'/mnt/user/Plex Media/Movies/Ocean's Twelve (2004)/' successfully removed



*****  Ocean's Thirteen (2007)  *****
'Ocean's Thirteen (2007) Bluray-1080p.m2ts' successfully removed
'folder.jpg' successfully removed
'Ocean's Thirteen (2007) Bluray-1080p.xml' successfully removed
'Ocean's Thirteen (2007).jpg' successfully removed
'poster.jpg' successfully removed
'fanart.jpg' successfully removed
'Ocean's Thirteen (2007) Bluray-1080p.nfo' successfully removed
'/mnt/user/Plex Media/Movies/Ocean's Thirteen (2007)/' successfully removed



*****  Ocean's Eleven (2001)  *****
'Ocean's Eleven (2001) WEBDL-1080p.mkv' successfully removed
'folder.jpg' successfully removed
'Ocean's Eleven (2001) WEBDL-1080p.xml' successfully removed
'Ocean's Eleven (2001).jpg' successfully removed
'poster.jpg' successfully removed
'fanart.jpg' successfully removed
'Ocean's Eleven (2001) WEBDL-1080p.nfo' successfully removed
'/mnt/user/Plex Media/Movies/Ocean's Eleven (2001)/' successfully removed



*****  Monsters University (2013)  *****
'folder.jpg' successfully removed
'Monsters University (2013).jpg' successfully removed
'poster.jpg' successfully removed
'fanart.jpg' successfully removed
'Monsters University (2013) Bluray-1080p.mkv' successfully removed
'Monsters University (2013) Bluray-1080p.xml' successfully removed
'Monsters University (2013) Bluray-1080p.nfo' successfully removed
'/mnt/user/Plex Media/Movies/Monsters University (2013)/' successfully removed



*****  Moana (2016)  *****
'folder.jpg' successfully removed
'Moana (2016).jpg' successfully removed
'poster.jpg' successfully removed
'fanart.jpg' successfully removed
'Moana (2016) Bluray-2160p.mkv' successfully removed
'Moana (2016) Bluray-2160p.xml' successfully removed
'Moana (2016) Bluray-2160p.nfo' successfully removed
'/mnt/user/Plex Media/Movies/Moana (2016)/' successfully removed



*****  Merry Madagascar (2009)  *****
'folder.jpg' successfully removed
'Merry Madagascar (2009).jpg' successfully removed
'poster.jpg' successfully removed
'fanart.jpg' successfully removed
'Merry Madagascar (2009) Bluray-1080p.mkv' successfully removed
'Merry Madagascar (2009) Bluray-1080p.xml' successfully removed
'Merry Madagascar (2009) Bluray-1080p.nfo' successfully removed
'/mnt/user/Plex Media/Movies/Merry Madagascar (2009)/' successfully removed



*****  Marvel One-Shot The Consultant (2011)  *****
'folder.jpg' successfully removed
'Marvel One-Shot The Consultant (2011).jpg' successfully removed
'poster.jpg' successfully removed
'fanart.jpg' successfully removed
'Marvel One-Shot The Consultant (2011) WEBDL-1080p.mkv' successfully removed
'Marvel One-Shot The Consultant (2011) WEBDL-1080p.xml' successfully removed
'Marvel One-Shot The Consultant (2011) WEBDL-1080p.nfo' successfully removed
'/mnt/user/Plex Media/Movies/Marvel One-Shot The Consultant (2011)/' successfully removed



*****  Marvel One-Shot Item 47 (2012)  *****
'folder.jpg' successfully removed
'Marvel One-Shot Item 47 (2012).jpg' successfully removed
'poster.jpg' successfully removed
'fanart.jpg' successfully removed
'Marvel One-Shot Item 47 (2012) Bluray-1080p.mkv' successfully removed
'Marvel One-Shot Item 47 (2012) Bluray-1080p.xml' successfully removed
'Marvel One-Shot Item 47 (2012) Bluray-1080p.nfo' successfully removed
'/mnt/user/Plex Media/Movies/Marvel One-Shot Item 47 (2012)/' successfully removed



*****  Marvel One-Shot All Hail the King (2014)  *****
'folder.jpg' successfully removed
'Marvel One-Shot All Hail the King (2014).jpg' successfully removed
'poster.jpg' successfully removed
'fanart.jpg' successfully removed
'Marvel One-Shot All Hail the King (2014) Bluray-1080p.mkv' successfully removed
'Marvel One-Shot All Hail the King (2014) Bluray-1080p.xml' successfully removed
'Marvel One-Shot All Hail the King (2014) Bluray-1080p.nfo' successfully removed
'/mnt/user/Plex Media/Movies/Marvel One-Shot All Hail the King (2014)/' successfully removed



*****  Madly Madagascar (2013)  *****
'folder.jpg' successfully removed
'Madly Madagascar (2013).jpg' successfully removed
'poster.jpg' successfully removed
'fanart.jpg' successfully removed
'Madly Madagascar (2013) WEBDL-720p.mkv' successfully removed
'Madly Madagascar (2013) WEBDL-720p.xml' successfully removed
'Madly Madagascar (2013) WEBDL-720p.nfo' successfully removed
'/mnt/user/Plex Media/Movies/Madly Madagascar (2013)/' successfully removed



*****  Madagascar Escape 2 Africa (2008)  *****
'folder.jpg' successfully removed
'Madagascar Escape 2 Africa (2008).jpg' successfully removed
'poster.jpg' successfully removed
'fanart.jpg' successfully removed
'Madagascar Escape 2 Africa (2008) Bluray-1080p.mkv' successfully removed
'Madagascar Escape 2 Africa (2008) Bluray-1080p.xml' successfully removed
'Madagascar Escape 2 Africa (2008) Bluray-1080p.nfo' successfully removed
'/mnt/user/Plex Media/Movies/Madagascar Escape 2 Africa (2008)/' successfully removed



*****  The Madagascar Penguins in a Christmas Caper (2005)  *****
'folder.jpg' successfully removed
'The Madagascar Penguins in a Christmas Caper (2005).jpg' successfully removed
'poster.jpg' successfully removed
'fanart.jpg' successfully removed
'The Madagascar Penguins in a Christmas Caper (2005) Bluray-1080p Proper.mkv' successfully removed
'The Madagascar Penguins in a Christmas Caper (2005) Bluray-1080p Proper.xml' successfully removed
'The Madagascar Penguins in a Christmas Caper (2005) Bluray-1080p Proper.nfo' successfully removed
'/mnt/user/Plex Media/Movies/The Madagascar Penguins in a Christmas Caper (2005)/' successfully removed



*****  Madagascar 3 Europe's Most Wanted (2012)  *****
'folder.jpg' successfully removed
'Madagascar 3 Europe's Most Wanted (2012).jpg' successfully removed
'poster.jpg' successfully removed
'fanart.jpg' successfully removed
'Madagascar 3 Europe's Most Wanted (2012) Bluray-1080p.mkv' successfully removed
'Madagascar 3 Europe's Most Wanted (2012) Bluray-1080p.xml' successfully removed
'Madagascar 3 Europe's Most Wanted (2012) Bluray-1080p.nfo' successfully removed
'/mnt/user/Plex Media/Movies/Madagascar 3 Europe's Most Wanted (2012)/' successfully removed



*****  Love Actually (2003)  *****
'folder.jpg' successfully removed
'Love Actually (2003).jpg' successfully removed
'poster.jpg' successfully removed
'fanart.jpg' successfully removed
'Love Actually (2003) Bluray-1080p.mkv' successfully removed
'Love Actually (2003) Bluray-1080p.xml' successfully removed
'Love Actually (2003) Bluray-1080p.nfo' successfully removed
'/mnt/user/Plex Media/Movies/Love Actually (2003)/' successfully removed



*****  The Lost World Jurassic Park (1997)  *****
'folder.jpg' successfully removed
'The Lost World Jurassic Park (1997).jpg' successfully removed
'poster.jpg' successfully removed
'fanart.jpg' successfully removed
'The Lost World Jurassic Park (1997) Bluray-1080p.mkv' successfully removed
'The Lost World Jurassic Park (1997) Bluray-1080p.xml' successfully removed
'The Lost World Jurassic Park (1997) Bluray-1080p.nfo' successfully removed
'/mnt/user/Plex Media/Movies/The Lost World Jurassic Park (1997)/' successfully removed



*****  Long Shot (2019)  *****
'folder.jpg' successfully removed
'Long Shot (2019).jpg' successfully removed
'poster.jpg' successfully removed
'fanart.jpg' successfully removed
'Long Shot (2019) WEBDL-1080p.mkv' successfully removed
'Long Shot (2019) WEBDL-1080p.xml' successfully removed
'Long Shot (2019) WEBDL-1080p.nfo' successfully removed
'/mnt/user/Plex Media/Movies/Long Shot (2019)/' successfully removed



*****  The Lion King (1994)  *****
'The Lion King (1994) Bluray-1080p.mkv' successfully removed
'folder.jpg' successfully removed
'The Lion King (1994) Bluray-1080p.xml' successfully removed
'The Lion King (1994).jpg' successfully removed
'poster.jpg' successfully removed
'fanart.jpg' successfully removed
'The Lion King (1994) Bluray-1080p.nfo' successfully removed
'/mnt/user/Plex Media/Movies/The Lion King (1994)/' successfully removed



*****  The Lion King (2019)  *****
'folder.jpg' successfully removed
'The Lion King (2019).jpg' successfully removed
'poster.jpg' successfully removed
'fanart.jpg' successfully removed
'The Lion King (2019) Bluray-1080p Proper.mkv' successfully removed
'The Lion King (2019) Bluray-1080p Proper.xml' successfully removed
'The Lion King (2019) Bluray-1080p Proper.nfo' successfully removed
'/mnt/user/Plex Media/Movies/The Lion King (2019)/' successfully removed



*****  Lilo & Stitch (2002)  *****
'folder.jpg' successfully removed
'Lilo & Stitch (2002).jpg' successfully removed
'poster.jpg' successfully removed
'fanart.jpg' successfully removed
'Lilo & Stitch (2002) Bluray-1080p Proper.mkv' successfully removed
'Lilo & Stitch (2002) Bluray-1080p Proper.xml' successfully removed
'Lilo & Stitch (2002) Bluray-1080p Proper.nfo' successfully removed
'/mnt/user/Plex Media/Movies/Lilo & Stitch (2002)/' successfully removed



*****  A League of Their Own (1992)  *****
'folder.jpg' successfully removed
'A League of Their Own (1992).jpg' successfully removed
'poster.jpg' successfully removed
'fanart.jpg' successfully removed
'A League of Their Own (1992) Bluray-1080p.mkv' successfully removed
'A League of Their Own (1992) Bluray-1080p.xml' successfully removed
'A League of Their Own (1992) Bluray-1080p.nfo' successfully removed
'/mnt/user/Plex Media/Movies/A League of Their Own (1992)/' successfully removed



*****  Late Night (2019)  *****
'folder.jpg' successfully removed
'Late Night (2019).jpg' successfully removed
'poster.jpg' successfully removed
'fanart.jpg' successfully removed
'Late Night (2019) WEBDL-1080p.mkv' successfully removed
'Late Night (2019) WEBDL-1080p.xml' successfully removed
'Late Night (2019) WEBDL-1080p.nfo' successfully removed
'/mnt/user/Plex Media/Movies/Late Night (2019)/' successfully removed



*****  Last Holiday (2006)  *****
'folder.jpg' successfully removed
'Last Holiday (2006).jpg' successfully removed
'poster.jpg' successfully removed
'fanart.jpg' successfully removed
'Last Holiday (2006) DVD.avi' successfully removed
'Last Holiday (2006) DVD.xml' successfully removed
'Last Holiday (2006) DVD.nfo' successfully removed
'/mnt/user/Plex Media/Movies/Last Holiday (2006)/' successfully removed



*****  The Kitchen (2019)  *****
'folder.jpg' successfully removed
'The Kitchen (2019).jpg' successfully removed
'poster.jpg' successfully removed
'fanart.jpg' successfully removed
'The Kitchen (2019) Bluray-1080p.mkv' successfully removed
'The Kitchen (2019) Bluray-1080p.xml' successfully removed
'The Kitchen (2019) Bluray-1080p.nfo' successfully removed
'/mnt/user/Plex Media/Movies/The Kitchen (2019)/' successfully removed



*****  Kingsman The Secret Service (2014)  *****
'folder.jpg' successfully removed
'Kingsman The Secret Service (2014).jpg' successfully removed
'poster.jpg' successfully removed
'fanart.jpg' successfully removed
'Kingsman The Secret Service (2014) Bluray-1080p.mkv' successfully removed
'Kingsman The Secret Service (2014) Bluray-1080p.xml' successfully removed
'Kingsman The Secret Service (2014) Bluray-1080p.nfo' successfully removed
'/mnt/user/Plex Media/Movies/Kingsman The Secret Service (2014)/' successfully removed



*****  Kate & Leopold (2001)  *****
'folder.jpg' successfully removed
'Kate & Leopold (2001).jpg' successfully removed
'poster.jpg' successfully removed
'fanart.jpg' successfully removed
'Kate & Leopold (2001) Bluray-1080p.mkv' successfully removed
'Kate & Leopold (2001) Bluray-1080p.xml' successfully removed
'Kate & Leopold (2001) Bluray-1080p.nfo' successfully removed
'/mnt/user/Plex Media/Movies/Kate & Leopold (2001)/' successfully removed



*****  Jurassic World Fallen Kingdom (2018)  *****
'folder.jpg' successfully removed
'Jurassic World Fallen Kingdom (2018).jpg' successfully removed
'poster.jpg' successfully removed
'fanart.jpg' successfully removed
'Jurassic World Fallen Kingdom (2018) Bluray-2160p.mkv' successfully removed
'Jurassic World Fallen Kingdom (2018) Bluray-2160p.xml' successfully removed
'Jurassic World Fallen Kingdom (2018) Bluray-2160p.nfo' successfully removed
'/mnt/user/Plex Media/Movies/Jurassic World Fallen Kingdom (2018)/' successfully removed



*****  Jurassic World (2015)  *****
'folder.jpg' successfully removed
'Jurassic World (2015).jpg' successfully removed
'poster.jpg' successfully removed
'fanart.jpg' successfully removed
'Jurassic World (2015) Bluray-1080p Proper.mkv' successfully removed
'Jurassic World (2015) Bluray-1080p Proper.xml' successfully removed
'Jurassic World (2015) Bluray-1080p Proper.nfo' successfully removed
'/mnt/user/Plex Media/Movies/Jurassic World (2015)/' successfully removed



*****  Jurassic Park III (2001)  *****
'folder.jpg' successfully removed
'Jurassic Park III (2001).jpg' successfully removed
'poster.jpg' successfully removed
'fanart.jpg' successfully removed
'Jurassic Park III (2001) Bluray-1080p.mkv' successfully removed
'Jurassic Park III (2001) Bluray-1080p.xml' successfully removed
'Jurassic Park III (2001) Bluray-1080p.nfo' successfully removed
'/mnt/user/Plex Media/Movies/Jurassic Park III (2001)/' successfully removed



*****  Jumper (2008)  *****
'folder.jpg' successfully removed
'Jumper (2008).jpg' successfully removed
'poster.jpg' successfully removed
'fanart.jpg' successfully removed
'Jumper (2008) Bluray-1080p.mkv' successfully removed
'Jumper (2008) Bluray-1080p.xml' successfully removed
'Jumper (2008) Bluray-1080p.nfo' successfully removed
'/mnt/user/Plex Media/Movies/Jumper (2008)/' successfully removed



*****  Jumanji (1995)  *****
'folder.jpg' successfully removed
'Jumanji (1995).jpg' successfully removed
'poster.jpg' successfully removed
'fanart.jpg' successfully removed
'Jumanji (1995) Bluray-1080p.mkv' successfully removed
'Jumanji (1995) Bluray-1080p.xml' successfully removed
'Jumanji (1995) Bluray-1080p.nfo' successfully removed
'/mnt/user/Plex Media/Movies/Jumanji (1995)/' successfully removed



*****  The Italian Job (1969)  *****
'folder.jpg' successfully removed
'The Italian Job (1969).jpg' successfully removed
'poster.jpg' successfully removed
'fanart.jpg' successfully removed
'The Italian Job (1969) Bluray-1080p.mkv' successfully removed
'The Italian Job (1969) Bluray-1080p.xml' successfully removed
'The Italian Job (1969) Bluray-1080p.nfo' successfully removed
'/mnt/user/Plex Media/Movies/The Italian Job (1969)/' successfully removed



*****  It's the Great Pumpkin, Charlie Brown (1966)  *****
'folder.jpg' successfully removed
'It's the Great Pumpkin, Charlie Brown (1966).jpg' successfully removed
'poster.jpg' successfully removed
'fanart.jpg' successfully removed
'It's the Great Pumpkin, Charlie Brown (1966) Bluray-1080p Proper.mkv' successfully removed
'It's the Great Pumpkin, Charlie Brown (1966) Bluray-1080p Proper.xml' successfully removed
'It's the Great Pumpkin, Charlie Brown (1966) Bluray-1080p Proper.nfo' successfully removed
'/mnt/user/Plex Media/Movies/It's the Great Pumpkin, Charlie Brown (1966)/' successfully removed



*****  It's a Wonderful Life (1946)  *****
'folder.jpg' successfully removed
'It's a Wonderful Life (1946).jpg' successfully removed
'poster.jpg' successfully removed
'fanart.jpg' successfully removed
'It's a Wonderful Life (1946) Bluray-1080p.mkv' successfully removed
'It's a Wonderful Life (1946) Bluray-1080p.xml' successfully removed
'It's a Wonderful Life (1946) Bluray-1080p.nfo' successfully removed
'/mnt/user/Plex Media/Movies/It's a Wonderful Life (1946)/' successfully removed



*****  Inglourious Basterds (2009)  *****
'folder.jpg' successfully removed
'Inglourious Basterds (2009).jpg' successfully removed
'poster.jpg' successfully removed
'fanart.jpg' successfully removed
'Inglourious Basterds (2009) Bluray-1080p Proper.mkv' successfully removed
'Inglourious Basterds (2009) Bluray-1080p Proper.xml' successfully removed
'Inglourious Basterds (2009) Bluray-1080p Proper.nfo' successfully removed
'/mnt/user/Plex Media/Movies/Inglourious Basterds (2009)/' successfully removed



*****  Ice Age The Great Egg-Scapade (2016)  *****
'folder.jpg' successfully removed
'Ice Age The Great Egg-Scapade (2016).jpg' successfully removed
'poster.jpg' successfully removed
'fanart.jpg' successfully removed
'Ice Age The Great Egg-Scapade (2016) HDTV-1080p.mkv' successfully removed
'Ice Age The Great Egg-Scapade (2016) HDTV-1080p.xml' successfully removed
'Ice Age The Great Egg-Scapade (2016) HDTV-1080p.nfo' successfully removed
'/mnt/user/Plex Media/Movies/Ice Age The Great Egg-Scapade (2016)/' successfully removed



*****  Ice Age Dawn of the Dinosaurs (2009)  *****
'folder.jpg' successfully removed
'Ice Age Dawn of the Dinosaurs (2009).jpg' successfully removed
'poster.jpg' successfully removed
'fanart.jpg' successfully removed
'Ice Age Dawn of the Dinosaurs (2009) Bluray-1080p.mkv' successfully removed
'Ice Age Dawn of the Dinosaurs (2009) Bluray-1080p.xml' successfully removed
'Ice Age Dawn of the Dinosaurs (2009) Bluray-1080p.nfo' successfully removed
'/mnt/user/Plex Media/Movies/Ice Age Dawn of the Dinosaurs (2009)/' successfully removed



*****  Ice Age Continental Drift (2012)  *****
'folder.jpg' successfully removed
'Ice Age Continental Drift (2012).jpg' successfully removed
'poster.jpg' successfully removed
'fanart.jpg' successfully removed
'Ice Age Continental Drift (2012) Bluray-1080p.mkv' successfully removed
'Ice Age Continental Drift (2012) Bluray-1080p.xml' successfully removed
'Ice Age Continental Drift (2012) Bluray-1080p.nfo' successfully removed
'/mnt/user/Plex Media/Movies/Ice Age Continental Drift (2012)/' successfully removed



*****  Ice Age Collision Course (2016)  *****
'folder.jpg' successfully removed
'Ice Age Collision Course (2016).jpg' successfully removed
'poster.jpg' successfully removed
'fanart.jpg' successfully removed
'Ice Age Collision Course (2016) Bluray-1080p.mkv' successfully removed
'Ice Age Collision Course (2016) Bluray-1080p.xml' successfully removed
'Ice Age Collision Course (2016) Bluray-1080p.nfo' successfully removed
'/mnt/user/Plex Media/Movies/Ice Age Collision Course (2016)/' successfully removed



*****  Ice Age A Mammoth Christmas (2011)  *****
'folder.jpg' successfully removed
'Ice Age A Mammoth Christmas (2011).jpg' successfully removed
'poster.jpg' successfully removed
'fanart.jpg' successfully removed
'Ice Age A Mammoth Christmas (2011) Bluray-1080p.mkv' successfully removed
'Ice Age A Mammoth Christmas (2011) Bluray-1080p.xml' successfully removed
'Ice Age A Mammoth Christmas (2011) Bluray-1080p.nfo' successfully removed
'/mnt/user/Plex Media/Movies/Ice Age A Mammoth Christmas (2011)/' successfully removed



*****  Ice Age (2002)  *****
'folder.jpg' successfully removed
'Ice Age (2002).jpg' successfully removed
'poster.jpg' successfully removed
'fanart.jpg' successfully removed
'Ice Age (2002) Bluray-1080p.mkv' successfully removed
'Ice Age (2002) Bluray-1080p.xml' successfully removed
'Ice Age (2002) Bluray-1080p.nfo' successfully removed
'/mnt/user/Plex Media/Movies/Ice Age (2002)/' successfully removed



*****  How the Grinch Stole Christmas (2000)  *****
'folder.jpg' successfully removed
'How the Grinch Stole Christmas (2000).jpg' successfully removed
'poster.jpg' successfully removed
'fanart.jpg' successfully removed
'How the Grinch Stole Christmas (2000) Bluray-1080p.mkv' successfully removed
'How the Grinch Stole Christmas (2000) Bluray-1080p.xml' successfully removed
'How the Grinch Stole Christmas (2000) Bluray-1080p.nfo' successfully removed
'/mnt/user/Plex Media/Movies/How the Grinch Stole Christmas (2000)/' successfully removed



*****  Hook (1991)  *****
'folder.jpg' successfully removed
'Hook (1991).jpg' successfully removed
'poster.jpg' successfully removed
'fanart.jpg' successfully removed
'Hook (1991) Bluray-1080p.mkv' successfully removed
'Hook (1991) Bluray-1080p.xml' successfully removed
'Hook (1991) Bluray-1080p.nfo' successfully removed
'/mnt/user/Plex Media/Movies/Hook (1991)/' successfully removed



*****  Home Alone 2 Lost in New York (1992)  *****
'folder.jpg' successfully removed
'Home Alone 2 Lost in New York (1992).jpg' successfully removed
'poster.jpg' successfully removed
'fanart.jpg' successfully removed
'Home Alone 2 Lost in New York (1992) Bluray-1080p.mkv' successfully removed
'Home Alone 2 Lost in New York (1992) Bluray-1080p.xml' successfully removed
'Home Alone 2 Lost in New York (1992) Bluray-1080p.nfo' successfully removed
'/mnt/user/Plex Media/Movies/Home Alone 2 Lost in New York (1992)/' successfully removed



*****  Home Alone (1990)  *****
'folder.jpg' successfully removed
'Home Alone (1990).jpg' successfully removed
'poster.jpg' successfully removed
'fanart.jpg' successfully removed
'Home Alone (1990) Bluray-1080p.mkv' successfully removed
'Home Alone (1990) Bluray-1080p.xml' successfully removed
'Home Alone (1990) Bluray-1080p.nfo' successfully removed
'/mnt/user/Plex Media/Movies/Home Alone (1990)/' successfully removed



*****  The Holiday (2006)  *****
'folder.jpg' successfully removed
'The Holiday (2006).jpg' successfully removed
'poster.jpg' successfully removed
'fanart.jpg' successfully removed
'The Holiday (2006) Bluray-1080p.mkv' successfully removed
'The Holiday (2006) Bluray-1080p.xml' successfully removed
'The Holiday (2006) Bluray-1080p.nfo' successfully removed
'/mnt/user/Plex Media/Movies/The Holiday (2006)/' successfully removed



*****  Hocus Pocus (1993)  *****
'folder.jpg' successfully removed
'Hocus Pocus (1993).jpg' successfully removed
'poster.jpg' successfully removed
'fanart.jpg' successfully removed
'Hocus Pocus (1993) Bluray-1080p.mkv' successfully removed
'Hocus Pocus (1993) Bluray-1080p.xml' successfully removed
'Hocus Pocus (1993) Bluray-1080p.nfo' successfully removed
'/mnt/user/Plex Media/Movies/Hocus Pocus (1993)/' successfully removed



*****  Hercules (1997)  *****
'Hercules (1997) Bluray-1080p.mkv' successfully removed
'Hercules (1997) Bluray-1080p.xml' successfully removed
'Hercules (1997) Bluray-1080p.nfo' successfully removed
'folder.jpg' successfully removed
'Hercules (1997).jpg' successfully removed
'poster.jpg' successfully removed
'fanart.jpg' successfully removed
'/mnt/user/Plex Media/Movies/Hercules (1997)/' successfully removed



*****  Harry Potter and the Prisoner of Azkaban (2004)  *****
'folder.jpg' successfully removed
'Harry Potter and the Prisoner of Azkaban (2004).jpg' successfully removed
'poster.jpg' successfully removed
'fanart.jpg' successfully removed
'Harry Potter and the Prisoner of Azkaban (2004) Bluray-1080p Proper.mkv' successfully removed
'Harry Potter and the Prisoner of Azkaban (2004) Bluray-1080p Proper.xml' successfully removed
'Harry Potter and the Prisoner of Azkaban (2004) Bluray-1080p Proper.nfo' successfully removed
'/mnt/user/Plex Media/Movies/Harry Potter and the Prisoner of Azkaban (2004)/' successfully removed



*****  Harry Potter and the Philosopher's Stone (2001)  *****
'folder.jpg' successfully removed
'Harry Potter and the Philosopher's Stone (2001).jpg' successfully removed
'poster.jpg' successfully removed
'fanart.jpg' successfully removed
'Harry Potter and the Philosopher's Stone (2001) Bluray-1080p Proper.mkv' successfully removed
'Harry Potter and the Philosopher's Stone (2001) Bluray-1080p Proper.xml' successfully removed
'Harry Potter and the Philosopher's Stone (2001) Bluray-1080p Proper.nfo' successfully removed
'/mnt/user/Plex Media/Movies/Harry Potter and the Philosopher's Stone (2001)/' successfully removed



*****  Harry Potter and the Order of the Phoenix (2007)  *****
'folder.jpg' successfully removed
'Harry Potter and the Order of the Phoenix (2007).jpg' successfully removed
'poster.jpg' successfully removed
'fanart.jpg' successfully removed
'Harry Potter and the Order of the Phoenix (2007) Bluray-2160p.mkv' successfully removed
'Harry Potter and the Order of the Phoenix (2007) Bluray-2160p.xml' successfully removed
'Harry Potter and the Order of the Phoenix (2007) Bluray-2160p.nfo' successfully removed
'/mnt/user/Plex Media/Movies/Harry Potter and the Order of the Phoenix (2007)/' successfully removed



*****  Harry Potter and the Half-Blood Prince (2009)  *****
'folder.jpg' successfully removed
'Harry Potter and the Half-Blood Prince (2009).jpg' successfully removed
'poster.jpg' successfully removed
'fanart.jpg' successfully removed
'Harry Potter and the Half-Blood Prince (2009) Bluray-2160p.mkv' successfully removed
'Harry Potter and the Half-Blood Prince (2009) Bluray-2160p.xml' successfully removed
'Harry Potter and the Half-Blood Prince (2009) Bluray-2160p.nfo' successfully removed
'/mnt/user/Plex Media/Movies/Harry Potter and the Half-Blood Prince (2009)/' successfully removed



*****  Harry Potter and the Goblet of Fire (2005)  *****
'folder.jpg' successfully removed
'Harry Potter and the Goblet of Fire (2005).jpg' successfully removed
'poster.jpg' successfully removed
'fanart.jpg' successfully removed
'Harry Potter and the Goblet of Fire (2005) Bluray-2160p.mkv' successfully removed
'Harry Potter and the Goblet of Fire (2005) Bluray-2160p.xml' successfully removed
'Harry Potter and the Goblet of Fire (2005) Bluray-2160p.nfo' successfully removed
'/mnt/user/Plex Media/Movies/Harry Potter and the Goblet of Fire (2005)/' successfully removed



*****  Harry Potter and the Deathly Hallows Part 2 (2011)  *****
'folder.jpg' successfully removed
'Harry Potter and the Deathly Hallows Part 2 (2011).jpg' successfully removed
'poster.jpg' successfully removed
'fanart.jpg' successfully removed
'Harry Potter and the Deathly Hallows Part 2 (2011) Bluray-1080p.mkv' successfully removed
'Harry Potter and the Deathly Hallows Part 2 (2011) Bluray-1080p.xml' successfully removed
'Harry Potter and the Deathly Hallows Part 2 (2011) Bluray-1080p.nfo' successfully removed
'/mnt/user/Plex Media/Movies/Harry Potter and the Deathly Hallows Part 2 (2011)/' successfully removed



*****  Harry Potter and the Deathly Hallows Part 1 (2010)  *****
'folder.jpg' successfully removed
'Harry Potter and the Deathly Hallows Part 1 (2010).jpg' successfully removed
'poster.jpg' successfully removed
'fanart.jpg' successfully removed
'Harry Potter and the Deathly Hallows Part 1 (2010) Bluray-2160p.mkv' successfully removed
'Harry Potter and the Deathly Hallows Part 1 (2010) Bluray-2160p.xml' successfully removed
'Harry Potter and the Deathly Hallows Part 1 (2010) Bluray-2160p.nfo' successfully removed
'/mnt/user/Plex Media/Movies/Harry Potter and the Deathly Hallows Part 1 (2010)/' successfully removed



*****  Harry Potter and the Chamber of Secrets (2002)  *****
'folder.jpg' successfully removed
'Harry Potter and the Chamber of Secrets (2002).jpg' successfully removed
'poster.jpg' successfully removed
'fanart.jpg' successfully removed
'Harry Potter and the Chamber of Secrets (2002) Bluray-2160p.mkv' successfully removed
'Harry Potter and the Chamber of Secrets (2002) Bluray-2160p.xml' successfully removed
'Harry Potter and the Chamber of Secrets (2002) Bluray-2160p.nfo' successfully removed
'/mnt/user/Plex Media/Movies/Harry Potter and the Chamber of Secrets (2002)/' successfully removed



*****  The Greatest Showman (2017)  *****
'folder.jpg' successfully removed
'The Greatest Showman (2017).jpg' successfully removed
'poster.jpg' successfully removed
'fanart.jpg' successfully removed
'The Greatest Showman (2017) Bluray-1080p Proper.mkv' successfully removed
'The Greatest Showman (2017) Bluray-1080p Proper.xml' successfully removed
'The Greatest Showman (2017) Bluray-1080p Proper.nfo' successfully removed
'/mnt/user/Plex Media/Movies/The Greatest Showman (2017)/' successfully removed



*****  Gone in Sixty Seconds (2000)  *****
'Gone in Sixty Seconds (2000) Bluray-720p.mkv' successfully removed
'folder.jpg' successfully removed
'Gone in Sixty Seconds (2000) Bluray-720p.xml' successfully removed
'Gone in Sixty Seconds (2000).jpg' successfully removed
'poster.jpg' successfully removed
'fanart.jpg' successfully removed
'Gone in Sixty Seconds (2000) Bluray-720p.nfo' successfully removed
'/mnt/user/Plex Media/Movies/Gone in Sixty Seconds (2000)/' successfully removed



*****  The Goldfinch (2019)  *****
'folder.jpg' successfully removed
'The Goldfinch (2019).jpg' successfully removed
'poster.jpg' successfully removed
'fanart.jpg' successfully removed
'The Goldfinch (2019) Bluray-1080p.mkv' successfully removed
'The Goldfinch (2019) Bluray-1080p.xml' successfully removed
'The Goldfinch (2019) Bluray-1080p.nfo' successfully removed
'/mnt/user/Plex Media/Movies/The Goldfinch (2019)/' successfully removed



*****  Godzilla King of the Monsters (2019)  *****
'folder.jpg' successfully removed
'Godzilla King of the Monsters (2019).jpg' successfully removed
'poster.jpg' successfully removed
'fanart.jpg' successfully removed
'Godzilla King of the Monsters (2019) WEBDL-2160p.mkv' successfully removed
'Godzilla King of the Monsters (2019) WEBDL-2160p.xml' successfully removed
'Godzilla King of the Monsters (2019) WEBDL-2160p.nfo' successfully removed
'/mnt/user/Plex Media/Movies/Godzilla King of the Monsters (2019)/' successfully removed



*****  Ghostbusters (1984)  *****
'folder.jpg' successfully removed
'Ghostbusters (1984).jpg' successfully removed
'poster.jpg' successfully removed
'fanart.jpg' successfully removed
'Ghostbusters (1984) Bluray-1080p.mkv' successfully removed
'Ghostbusters (1984) Bluray-1080p.xml' successfully removed
'Ghostbusters (1984) Bluray-1080p.nfo' successfully removed
'/mnt/user/Plex Media/Movies/Ghostbusters (1984)/' successfully removed



*****  Ghostbusters (2016)  *****
'folder.jpg' successfully removed
'Ghostbusters (2016).jpg' successfully removed
'poster.jpg' successfully removed
'fanart.jpg' successfully removed
'Ghostbusters (2016) Bluray-1080p.mkv' successfully removed
'Ghostbusters (2016) Bluray-1080p.xml' successfully removed
'Ghostbusters (2016) Bluray-1080p.nfo' successfully removed
'/mnt/user/Plex Media/Movies/Ghostbusters (2016)/' successfully removed



*****  Get Out (2017)  *****
'folder.jpg' successfully removed
'Get Out (2017).jpg' successfully removed
'poster.jpg' successfully removed
'fanart.jpg' successfully removed
'Get Out (2017) Bluray-2160p Proper.mkv' successfully removed
'Get Out (2017) Bluray-2160p Proper.xml' successfully removed
'Get Out (2017) Bluray-2160p Proper.nfo' successfully removed
'/mnt/user/Plex Media/Movies/Get Out (2017)/' successfully removed



*****  The Fox and the Hound (1981)  *****
'The Fox and the Hound (1981) Bluray-1080p.mkv' successfully removed
'folder.jpg' successfully removed
'The Fox and the Hound (1981) Bluray-1080p.xml' successfully removed
'The Fox and the Hound (1981).jpg' successfully removed
'poster.jpg' successfully removed
'fanart.jpg' successfully removed
'The Fox and the Hound (1981) Bluray-1080p.nfo' successfully removed
'/mnt/user/Plex Media/Movies/The Fox and the Hound (1981)/' successfully removed



*****  Finding Dory (2016)  *****
'folder.jpg' successfully removed
'Finding Dory (2016).jpg' successfully removed
'poster.jpg' successfully removed
'fanart.jpg' successfully removed
'Finding Dory (2016) Bluray-1080p.mkv' successfully removed
'Finding Dory (2016) Bluray-1080p.xml' successfully removed
'Finding Dory (2016) Bluray-1080p.nfo' successfully removed
'/mnt/user/Plex Media/Movies/Finding Dory (2016)/' successfully removed



*****  Fast & Furious Presents Hobbs & Shaw (2019)  *****
'folder.jpg' successfully removed
'Fast & Furious Presents Hobbs & Shaw (2019).jpg' successfully removed
'poster.jpg' successfully removed
'fanart.jpg' successfully removed
'Fast & Furious Presents Hobbs & Shaw (2019) WEBDL-1080p.mkv' successfully removed
'Fast & Furious Presents Hobbs & Shaw (2019) WEBDL-1080p.srt' successfully removed
'Fast & Furious Presents Hobbs & Shaw (2019) WEBDL-1080p.xml' successfully removed
'Fast & Furious Presents Hobbs & Shaw (2019) WEBDL-1080p.nfo' successfully removed
'/mnt/user/Plex Media/Movies/Fast & Furious Presents Hobbs & Shaw (2019)/' successfully removed



*****  Edward Scissorhands (1990)  *****
'folder.jpg' successfully removed
'Edward Scissorhands (1990).jpg' successfully removed
'poster.jpg' successfully removed
'fanart.jpg' successfully removed
'Edward Scissorhands (1990) Bluray-1080p Proper.mkv' successfully removed
'Edward Scissorhands (1990) Bluray-1080p Proper.xml' successfully removed
'Edward Scissorhands (1990) Bluray-1080p Proper.nfo' successfully removed
'/mnt/user/Plex Media/Movies/Edward Scissorhands (1990)/' successfully removed



*****  Downton Abbey (2019)  *****
'folder.jpg' successfully removed
'Downton Abbey (2019).jpg' successfully removed
'poster.jpg' successfully removed
'fanart.jpg' successfully removed
'Downton Abbey (2019) WEBDL-1080p.mkv' successfully removed
'Downton Abbey (2019) WEBDL-1080p.xml' successfully removed
'Downton Abbey (2019) WEBDL-1080p.nfo' successfully removed
'/mnt/user/Plex Media/Movies/Downton Abbey (2019)/' successfully removed



*****  Dolphin Tale (2011)  *****
'folder.jpg' successfully removed
'Dolphin Tale (2011).jpg' successfully removed
'poster.jpg' successfully removed
'fanart.jpg' successfully removed
'Dolphin Tale (2011) Bluray-1080p.mkv.partial~' successfully removed
'Dolphin Tale (2011) DVD.avi' successfully removed
'Dolphin Tale (2011) DVD.xml' successfully removed
'Dolphin Tale (2011) DVD.nfo' successfully removed
'/mnt/user/Plex Media/Movies/Dolphin Tale (2011)/' successfully removed



*****  A Dog's Journey (2019)  *****
'folder.jpg' successfully removed
'A Dog's Journey (2019).jpg' successfully removed
'poster.jpg' successfully removed
'fanart.jpg' successfully removed
'A Dog's Journey (2019) WEBDL-1080p.mkv' successfully removed
'A Dog's Journey (2019) WEBDL-1080p.xml' successfully removed
'A Dog's Journey (2019) WEBDL-1080p.nfo' successfully removed
'/mnt/user/Plex Media/Movies/A Dog's Journey (2019)/' successfully removed



*****  Django Unchained (2012)  *****
'folder.jpg' successfully removed
'Django Unchained (2012).jpg' successfully removed
'poster.jpg' successfully removed
'fanart.jpg' successfully removed
'Django Unchained (2012) Bluray-1080p.mkv' successfully removed
'Django Unchained (2012) Bluray-1080p.xml' successfully removed
'Django Unchained (2012) Bluray-1080p.nfo' successfully removed
'/mnt/user/Plex Media/Movies/Django Unchained (2012)/' successfully removed



*****  Die Hard (1988)  *****
'folder.jpg' successfully removed
'Die Hard (1988).jpg' successfully removed
'poster.jpg' successfully removed
'fanart.jpg' successfully removed
'Die Hard (1988) Bluray-1080p Proper.mkv' successfully removed
'Die Hard (1988) Bluray-1080p Proper.xml' successfully removed
'Die Hard (1988) Bluray-1080p Proper.nfo' successfully removed
'/mnt/user/Plex Media/Movies/Die Hard (1988)/' successfully removed



*****  The Death and Return of Superman (2019)  *****
'folder.jpg' successfully removed
'The Death and Return of Superman (2019).jpg' successfully removed
'poster.jpg' successfully removed
'fanart.jpg' successfully removed
'The Death and Return of Superman (2019) Bluray-2160p.mkv' successfully removed
'The Death and Return of Superman (2019) Bluray-2160p.xml' successfully removed
'The Death and Return of Superman (2019) Bluray-2160p.nfo' successfully removed
'/mnt/user/Plex Media/Movies/The Death and Return of Superman (2019)/' successfully removed



*****  Deadpool 2 (2018)  *****
'folder.jpg' successfully removed
'Deadpool 2 (2018).jpg' successfully removed
'poster.jpg' successfully removed
'fanart.jpg' successfully removed
'Deadpool 2 (2018) WEBDL-1080p.mkv' successfully removed
'Deadpool 2 (2018) WEBDL-1080p.xml' successfully removed
'Deadpool 2 (2018) WEBDL-1080p.nfo' successfully removed
'/mnt/user/Plex Media/Movies/Deadpool 2 (2018)/' successfully removed



*****  Corpse Bride (2005)  *****
'folder.jpg' successfully removed
'Corpse Bride (2005).jpg' successfully removed
'poster.jpg' successfully removed
'fanart.jpg' successfully removed
'Corpse Bride (2005) Bluray-1080p.mkv' successfully removed
'Corpse Bride (2005) Bluray-1080p.xml' successfully removed
'Corpse Bride (2005) Bluray-1080p.nfo' successfully removed
'/mnt/user/Plex Media/Movies/Corpse Bride (2005)/' successfully removed



*****  The Chronicles of Narnia The Voyage of the Dawn Treader (2010)  *****
'folder.jpg' successfully removed
'The Chronicles of Narnia The Voyage of the Dawn Treader (2010).jpg' successfully removed
'poster.jpg' successfully removed
'fanart.jpg' successfully removed
'The Chronicles of Narnia The Voyage of the Dawn Treader (2010) Bluray-1080p.mkv' successfully removed
'The Chronicles of Narnia The Voyage of the Dawn Treader (2010) Bluray-1080p.xml' successfully removed
'The Chronicles of Narnia The Voyage of the Dawn Treader (2010) Bluray-1080p.nfo' successfully removed
'/mnt/user/Plex Media/Movies/The Chronicles of Narnia The Voyage of the Dawn Treader (2010)/' successfully removed



*****  The Chronicles of Narnia Prince Caspian (2008)  *****
'folder.jpg' successfully removed
'The Chronicles of Narnia Prince Caspian (2008).jpg' successfully removed
'poster.jpg' successfully removed
'fanart.jpg' successfully removed
'The Chronicles of Narnia Prince Caspian (2008) Bluray-1080p.mkv' successfully removed
'The Chronicles of Narnia Prince Caspian (2008) Bluray-1080p.xml' successfully removed
'The Chronicles of Narnia Prince Caspian (2008) Bluray-1080p.nfo' successfully removed
'/mnt/user/Plex Media/Movies/The Chronicles of Narnia Prince Caspian (2008)/' successfully removed



*****  Christmas with the Kranks (2004)  *****
'folder.jpg' successfully removed
'Christmas with the Kranks (2004).jpg' successfully removed
'poster.jpg' successfully removed
'fanart.jpg' successfully removed
'Christmas with the Kranks (2004) WEBDL-1080p.mkv' successfully removed
'Christmas with the Kranks (2004) WEBDL-1080p.xml' successfully removed
'Christmas with the Kranks (2004) WEBDL-1080p.nfo' successfully removed
'/mnt/user/Plex Media/Movies/Christmas with the Kranks (2004)/' successfully removed



*****  A Christmas Story (1983)  *****
'folder.jpg' successfully removed
'A Christmas Story (1983).jpg' successfully removed
'poster.jpg' successfully removed
'fanart.jpg' successfully removed
'A Christmas Story (1983) Bluray-1080p.mkv' successfully removed
'A Christmas Story (1983) Bluray-1080p.xml' successfully removed
'A Christmas Story (1983) Bluray-1080p.nfo' successfully removed
'/mnt/user/Plex Media/Movies/A Christmas Story (1983)/' successfully removed



*****  Casper (1995)  *****
'folder.jpg' successfully removed
'Casper (1995).jpg' successfully removed
'poster.jpg' successfully removed
'fanart.jpg' successfully removed
'Casper (1995) Bluray-1080p.mkv' successfully removed
'Casper (1995) Bluray-1080p.xml' successfully removed
'Casper (1995) Bluray-1080p.nfo' successfully removed
'/mnt/user/Plex Media/Movies/Casper (1995)/' successfully removed



*****  Captive State (2019)  *****
'folder.jpg' successfully removed
'Captive State (2019).jpg' successfully removed
'poster.jpg' successfully removed
'fanart.jpg' successfully removed
'Captive State (2019) WEBDL-2160p.mkv' successfully removed
'Captive State (2019) WEBDL-2160p.xml' successfully removed
'Captive State (2019) WEBDL-2160p.nfo' successfully removed
'/mnt/user/Plex Media/Movies/Captive State (2019)/' successfully removed



*****  El Camino A Breaking Bad Movie (2019)  *****
'folder.jpg' successfully removed
'El Camino A Breaking Bad Movie (2019).jpg' successfully removed
'poster.jpg' successfully removed
'fanart.jpg' successfully removed
'El Camino A Breaking Bad Movie (2019) WEBDL-2160p.mkv' successfully removed
'El Camino A Breaking Bad Movie (2019) WEBDL-2160p.xml' successfully removed
'El Camino A Breaking Bad Movie (2019) WEBDL-2160p.nfo' successfully removed
'/mnt/user/Plex Media/Movies/El Camino A Breaking Bad Movie (2019)/' successfully removed



*****  The Brave Little Toaster (1987)  *****
'The Brave Little Toaster (1987) DVD.mkv' successfully removed
'folder.jpg' successfully removed
'The Brave Little Toaster (1987) DVD.xml' successfully removed
'The Brave Little Toaster (1987).jpg' successfully removed
'poster.jpg' successfully removed
'fanart.jpg' successfully removed
'The Brave Little Toaster (1987) DVD.nfo' successfully removed
'/mnt/user/Plex Media/Movies/The Brave Little Toaster (1987)/' successfully removed



*****  Booksmart (2019)  *****
'folder.jpg' successfully removed
'Booksmart (2019).jpg' successfully removed
'poster.jpg' successfully removed
'fanart.jpg' successfully removed
'Booksmart (2019) WEBDL-2160p.mkv' successfully removed
'Booksmart (2019) WEBDL-2160p.xml' successfully removed
'Booksmart (2019) WEBDL-2160p.nfo' successfully removed
'/mnt/user/Plex Media/Movies/Booksmart (2019)/' successfully removed



*****  Blazing Saddles (1974)  *****
'folder.jpg' successfully removed
'Blazing Saddles (1974).jpg' successfully removed
'poster.jpg' successfully removed
'fanart.jpg' successfully removed
'Blazing Saddles (1974) Bluray-1080p.mkv' successfully removed
'Blazing Saddles (1974) Bluray-1080p.xml' successfully removed
'Blazing Saddles (1974) Bluray-1080p.nfo' successfully removed
'/mnt/user/Plex Media/Movies/Blazing Saddles (1974)/' successfully removed



*****  Beetlejuice (1988)  *****
'folder.jpg' successfully removed
'Beetlejuice (1988).jpg' successfully removed
'poster.jpg' successfully removed
'fanart.jpg' successfully removed
'Beetlejuice (1988) Bluray-1080p.mkv' successfully removed
'Beetlejuice (1988) Bluray-1080p.xml' successfully removed
'Beetlejuice (1988) Bluray-1080p.nfo' successfully removed
'/mnt/user/Plex Media/Movies/Beetlejuice (1988)/' successfully removed



*****  A Bad Moms Christmas (2017)  *****
'A Bad Moms Christmas (2017) WEBDL-1080p.mkv' successfully removed
'folder.jpg' successfully removed
'A Bad Moms Christmas (2017) WEBDL-1080p.xml' successfully removed
'A Bad Moms Christmas (2017).jpg' successfully removed
'poster.jpg' successfully removed
'fanart.jpg' successfully removed
'A Bad Moms Christmas (2017) WEBDL-1080p.nfo' successfully removed
'/mnt/user/Plex Media/Movies/A Bad Moms Christmas (2017)/' successfully removed



*****  Avengers Age of Ultron (2015)  *****
'folder.jpg' successfully removed
'Avengers Age of Ultron (2015).jpg' successfully removed
'poster.jpg' successfully removed
'fanart.jpg' successfully removed
'Avengers Age of Ultron (2015) Bluray-1080p Proper.mkv' successfully removed
'Avengers Age of Ultron (2015) Bluray-1080p Proper.xml' successfully removed
'Avengers Age of Ultron (2015) Bluray-1080p Proper.nfo' successfully removed
'/mnt/user/Plex Media/Movies/Avengers Age of Ultron (2015)/' successfully removed



*****  The Avengers (2012)  *****
'folder.jpg' successfully removed
'The Avengers (2012).jpg' successfully removed
'poster.jpg' successfully removed
'fanart.jpg' successfully removed
'The Avengers (2012) Bluray-1080p.mkv' successfully removed
'The Avengers (2012) Bluray-1080p.xml' successfully removed
'The Avengers (2012) Bluray-1080p.nfo' successfully removed
'/mnt/user/Plex Media/Movies/The Avengers (2012)/' successfully removed



*****  The Art of Self-Defense (2019)  *****
'folder.jpg' successfully removed
'The Art of Self-Defense (2019).jpg' successfully removed
'poster.jpg' successfully removed
'fanart.jpg' successfully removed
'The Art of Self-Defense (2019) Bluray-1080p.mkv' successfully removed
'The Art of Self-Defense (2019) Bluray-1080p.xml' successfully removed
'The Art of Self-Defense (2019) Bluray-1080p.nfo' successfully removed
'/mnt/user/Plex Media/Movies/The Art of Self-Defense (2019)/' successfully removed



*****  The Art of Racing in the Rain (2019)  *****
'folder.jpg' successfully removed
'The Art of Racing in the Rain (2019).jpg' successfully removed
'poster.jpg' successfully removed
'fanart.jpg' successfully removed
'The Art of Racing in the Rain (2019) Bluray-1080p.mkv' successfully removed
'The Art of Racing in the Rain (2019) Bluray-1080p.xml' successfully removed
'The Art of Racing in the Rain (2019) Bluray-1080p.nfo' successfully removed
'/mnt/user/Plex Media/Movies/The Art of Racing in the Rain (2019)/' successfully removed



*****  Ant-Man and the Wasp (2018)  *****
'folder.jpg' successfully removed
'Ant-Man and the Wasp (2018).jpg' successfully removed
'poster.jpg' successfully removed
'fanart.jpg' successfully removed
'Ant-Man and the Wasp (2018) Bluray-2160p.mkv' successfully removed
'Ant-Man and the Wasp (2018) Bluray-2160p.xml' successfully removed
'Ant-Man and the Wasp (2018) Bluray-2160p.nfo' successfully removed
'/mnt/user/Plex Media/Movies/Ant-Man and the Wasp (2018)/' successfully removed



*****  Ant-Man (2015)  *****
'folder.jpg' successfully removed
'Ant-Man (2015).jpg' successfully removed
'poster.jpg' successfully removed
'fanart.jpg' successfully removed
'Ant-Man (2015) Bluray-1080p.mkv' successfully removed
'Ant-Man (2015) Bluray-1080p.xml' successfully removed
'Ant-Man (2015) Bluray-1080p.nfo' successfully removed
'/mnt/user/Plex Media/Movies/Ant-Man (2015)/' successfully removed



*****  Anna (2019)  *****
'folder.jpg' successfully removed
'Anna (2019).jpg' successfully removed
'poster.jpg' successfully removed
'fanart.jpg' successfully removed
'Anna (2019) WEBDL-1080p.mkv' successfully removed
'Anna (2019) WEBDL-1080p.xml' successfully removed
'Anna (2019) WEBDL-1080p.nfo' successfully removed
'/mnt/user/Plex Media/Movies/Anna (2019)/' successfully removed



*****  The Angry Birds Movie 2 (2019)  *****
'folder.jpg' successfully removed
'The Angry Birds Movie 2 (2019).jpg' successfully removed
'poster.jpg' successfully removed
'fanart.jpg' successfully removed
'The Angry Birds Movie 2 (2019) Bluray-1080p.mkv' successfully removed
'The Angry Birds Movie 2 (2019) Bluray-1080p.xml' successfully removed
'The Angry Birds Movie 2 (2019) Bluray-1080p.nfo' successfully removed
'/mnt/user/Plex Media/Movies/The Angry Birds Movie 2 (2019)/' successfully removed



*****  Angel Has Fallen (2019)  *****
'folder.jpg' successfully removed
'Angel Has Fallen (2019).jpg' successfully removed
'poster.jpg' successfully removed
'fanart.jpg' successfully removed
'Angel Has Fallen (2019) WEBDL-1080p.mkv' successfully removed
'Angel Has Fallen (2019) WEBDL-1080p.xml' successfully removed
'Angel Has Fallen (2019) WEBDL-1080p.nfo' successfully removed
'/mnt/user/Plex Media/Movies/Angel Has Fallen (2019)/' successfully removed



*****  The American President (1995)  *****
'folder.jpg' successfully removed
'The American President (1995).jpg' successfully removed
'poster.jpg' successfully removed
'fanart.jpg' successfully removed
'The American President (1995) Bluray-1080p.mkv' successfully removed
'The American President (1995) Bluray-1080p.xml' successfully removed
'The American President (1995) Bluray-1080p.nfo' successfully removed
'/mnt/user/Plex Media/Movies/The American President (1995)/' successfully removed



*****  Aladdin (2019)  *****
'folder.jpg' successfully removed
'Aladdin (2019).jpg' successfully removed
'poster.jpg' successfully removed
'fanart.jpg' successfully removed
'Aladdin (2019) WEBDL-1080p.mkv' successfully removed
'Aladdin (2019) WEBDL-1080p.xml' successfully removed
'Aladdin (2019) WEBDL-1080p.nfo' successfully removed
'/mnt/user/Plex Media/Movies/Aladdin (2019)/' successfully removed



*****  Monsters, Inc. (2001)  *****
'folder.jpg' successfully removed
'Monsters, Inc. (2001).jpg' successfully removed
'poster.jpg' successfully removed
'fanart.jpg' successfully removed
'Monsters, Inc. (2001) Bluray-1080p.mkv' successfully removed
'Monsters, Inc. (2001) Bluray-1080p.xml' successfully removed
'Monsters, Inc. (2001) Bluray-1080p.nfo' successfully removed
'/mnt/user/Plex Media/Movies/Monsters, Inc. (2001)/' successfully removed



