*******************
*****  DEBUG  *****
*******************

*****  Zoolander 2 (2016)  *****
File 'folder.jpg' would have been removed
File 'Zoolander 2 (2016).jpg' would have been removed
File 'poster.jpg' would have been removed
File 'fanart.jpg' would have been removed
File 'Zoolander 2 (2016) Bluray-1080p.mkv' would have been removed
File 'Zoolander 2 (2016) Bluray-1080p.xml' would have been removed
File 'Zoolander 2 (2016) Bluray-1080p.nfo' would have been removed
Folder '/mnt/user/Plex Media/Movies/Zoolander 2 (2016)', would have been removed



*****  Zoolander (2001)  *****
File 'folder.jpg' would have been removed
File 'Zoolander (2001).jpg' would have been removed
File 'poster.jpg' would have been removed
File 'fanart.jpg' would have been removed
File 'Zoolander (2001) Bluray-1080p.mkv' would have been removed
File 'Zoolander (2001) Bluray-1080p.xml' would have been removed
File 'Zoolander (2001) Bluray-1080p.nfo' would have been removed
Folder '/mnt/user/Plex Media/Movies/Zoolander (2001)', would have been removed



*****  Zombieland (2009)  *****
File 'folder.jpg' would have been removed
File 'Zombieland (2009).jpg' would have been removed
File 'poster.jpg' would have been removed
File 'fanart.jpg' would have been removed
File 'Zombieland (2009) Bluray-1080p.mkv' would have been removed
File 'Zombieland (2009) Bluray-1080p.xml' would have been removed
File 'Zombieland (2009) Bluray-1080p.nfo' would have been removed
Folder '/mnt/user/Plex Media/Movies/Zombieland (2009)', would have been removed



*****  Wedding Crashers (2005)  *****
File 'folder.jpg' would have been removed
File 'Wedding Crashers (2005).jpg' would have been removed
File 'poster.jpg' would have been removed
File 'fanart.jpg' would have been removed
File 'Wedding Crashers (2005) Bluray-1080p.mkv' would have been removed
File 'Wedding Crashers (2005) Bluray-1080p.xml' would have been removed
File 'Wedding Crashers (2005) Bluray-1080p.nfo' would have been removed
Folder '/mnt/user/Plex Media/Movies/Wedding Crashers (2005)', would have been removed



*****  Venom (2018)  *****
File 'folder.jpg' would have been removed
File 'Venom (2018).jpg' would have been removed
File 'poster.jpg' would have been removed
File 'fanart.jpg' would have been removed
File 'Venom (2018) Bluray-2160p.mkv' would have been removed
File 'Venom (2018) Bluray-2160p.xml' would have been removed
File 'Venom (2018) Bluray-2160p.nfo' would have been removed
Folder '/mnt/user/Plex Media/Movies/Venom (2018)', would have been removed



*****  Up (2009)  *****
File 'folder.jpg' would have been removed
File 'Up (2009).jpg' would have been removed
File 'poster.jpg' would have been removed
File 'fanart.jpg' would have been removed
File 'Up (2009) Bluray-1080p Proper.mkv' would have been removed
File 'Up (2009) Bluray-1080p Proper.xml' would have been removed
File 'Up (2009) Bluray-1080p Proper.nfo' would have been removed
Folder '/mnt/user/Plex Media/Movies/Up (2009)', would have been removed



*****  Underworld Blood Wars (2016)  *****
File 'folder.jpg' would have been removed
File 'Underworld Blood Wars (2016).jpg' would have been removed
File 'poster.jpg' would have been removed
File 'fanart.jpg' would have been removed
File 'Underworld Blood Wars (2016) Bluray-1080p.mkv' would have been removed
File 'Underworld Blood Wars (2016) Bluray-1080p.xml' would have been removed
File 'Underworld Blood Wars (2016) Bluray-1080p.nfo' would have been removed
Folder '/mnt/user/Plex Media/Movies/Underworld Blood Wars (2016)', would have been removed



*****  The Two Popes (2019)  *****
File 'folder.jpg' would have been removed
File 'The Two Popes (2019).jpg' would have been removed
File 'poster.jpg' would have been removed
File 'fanart.jpg' would have been removed
File 'The Two Popes (2019) WEBDL-2160p.mkv' would have been removed
File 'The Two Popes (2019) WEBDL-2160p.xml' would have been removed
File 'The Two Popes (2019) WEBDL-2160p.nfo' would have been removed
Folder '/mnt/user/Plex Media/Movies/The Two Popes (2019)', would have been removed



*****  Twister (1996)  *****
File 'folder.jpg' would have been removed
File 'Twister (1996).jpg' would have been removed
File 'poster.jpg' would have been removed
File 'fanart.jpg' would have been removed
File 'Twister (1996) Bluray-1080p.mkv' would have been removed
File 'Twister (1996) Bluray-1080p.xml' would have been removed
File 'Twister (1996) Bluray-1080p.nfo' would have been removed
Folder '/mnt/user/Plex Media/Movies/Twister (1996)', would have been removed



*****  The Twilight Saga Eclipse (2010)  *****
File 'folder.jpg' would have been removed
File 'The Twilight Saga Eclipse (2010).jpg' would have been removed
File 'poster.jpg' would have been removed
File 'fanart.jpg' would have been removed
File 'The Twilight Saga Eclipse (2010) Remux-1080p.mkv' would have been removed
File 'The Twilight Saga Eclipse (2010) Remux-1080p.xml' would have been removed
File 'The Twilight Saga Eclipse (2010) Remux-1080p.nfo' would have been removed
Folder '/mnt/user/Plex Media/Movies/The Twilight Saga Eclipse (2010)', would have been removed



*****  The Twilight Saga Breaking Dawn - Part 2 (2012)  *****
File 'The.Twilight.Saga.Breaking.Dawn.Part.2.2012.1080p.BluRay.REMUX.AVC.DTS-HD.MA.7.1-EPSiLON.mkv' would have been removed
File 'folder.jpg' would have been removed
File 'The.Twilight.Saga.Breaking.Dawn.Part.2.2012.1080p.BluRay.REMUX.AVC.DTS-HD.MA.7.1-EPSiLON.xml' would have been removed
File 'The Twilight Saga Breaking Dawn - Part 2 (2012).jpg' would have been removed
File 'poster.jpg' would have been removed
File 'fanart.jpg' would have been removed
File 'The.Twilight.Saga.Breaking.Dawn.Part.2.2012.1080p.BluRay.REMUX.AVC.DTS-HD.MA.7.1-EPSiLON.nfo' would have been removed
Folder '/mnt/user/Plex Media/Movies/The Twilight Saga Breaking Dawn - Part 2 (2012)', would have been removed



*****  The Twilight Saga Breaking Dawn - Part 1 (2011)  *****
File 'The.Twilight.Saga.Breaking.Dawn.Part-1.2011.1080p.Blu-ray.REMUX.AVC.DTS-HD.MA.7.1-Homme.mkv' would have been removed
File 'folder.jpg' would have been removed
File 'The.Twilight.Saga.Breaking.Dawn.Part-1.2011.1080p.Blu-ray.REMUX.AVC.DTS-HD.MA.7.1-Homme.xml' would have been removed
File 'The Twilight Saga Breaking Dawn - Part 1 (2011).jpg' would have been removed
File 'poster.jpg' would have been removed
File 'fanart.jpg' would have been removed
File 'The.Twilight.Saga.Breaking.Dawn.Part-1.2011.1080p.Blu-ray.REMUX.AVC.DTS-HD.MA.7.1-Homme.nfo' would have been removed
Folder '/mnt/user/Plex Media/Movies/The Twilight Saga Breaking Dawn - Part 1 (2011)', would have been removed



*****  Tropic Thunder (2008)  *****
File 'folder.jpg' would have been removed
File 'Tropic Thunder (2008).jpg' would have been removed
File 'poster.jpg' would have been removed
File 'fanart.jpg' would have been removed
File 'Tropic Thunder (2008) Bluray-1080p.mkv' would have been removed
File 'Tropic Thunder (2008) Bluray-1080p.xml' would have been removed
File 'Tropic Thunder (2008) Bluray-1080p.nfo' would have been removed
Folder '/mnt/user/Plex Media/Movies/Tropic Thunder (2008)', would have been removed



*****  Toy Story 4 (2019)  *****
File 'folder.jpg' would have been removed
File 'Toy Story 4 (2019).jpg' would have been removed
File 'poster.jpg' would have been removed
File 'fanart.jpg' would have been removed
File 'Toy Story 4 (2019) Bluray-1080p.mkv' would have been removed
File 'Toy Story 4 (2019) Bluray-1080p.xml' would have been removed
File 'Toy Story 4 (2019) Bluray-1080p.nfo' would have been removed
Folder '/mnt/user/Plex Media/Movies/Toy Story 4 (2019)', would have been removed



*****  Toy Story 2 (1999)  *****
File 'folder.jpg' would have been removed
File 'Toy Story 2 (1999).jpg' would have been removed
File 'poster.jpg' would have been removed
File 'fanart.jpg' would have been removed
File 'Toy Story 2 (1999) WEBDL-1080p.mkv.partial~' would have been removed
File 'Toy Story 2 (1999) Bluray-1080p.mkv' would have been removed
File 'Toy Story 2 (1999) Bluray-1080p.xml' would have been removed
File 'Toy Story 2 (1999) Bluray-1080p.nfo' would have been removed
Folder '/mnt/user/Plex Media/Movies/Toy Story 2 (1999)', would have been removed



*****  Thor Ragnarok (2017)  *****
File 'folder.jpg' would have been removed
File 'Thor Ragnarok (2017).jpg' would have been removed
File 'poster.jpg' would have been removed
File 'fanart.jpg' would have been removed
File 'Thor Ragnarok (2017) Bluray-2160p.mkv' would have been removed
File 'Thor Ragnarok (2017) Bluray-2160p.xml' would have been removed
File 'Thor Ragnarok (2017) Bluray-2160p.nfo' would have been removed
Folder '/mnt/user/Plex Media/Movies/Thor Ragnarok (2017)', would have been removed



*****  The Thomas Crown Affair (1999)  *****
File 'folder.jpg' would have been removed
File 'The Thomas Crown Affair (1999).jpg' would have been removed
File 'poster.jpg' would have been removed
File 'fanart.jpg' would have been removed
File 'The Thomas Crown Affair (1999) Bluray-1080p.mkv' would have been removed
File 'The Thomas Crown Affair (1999) Bluray-1080p.xml' would have been removed
File 'The Thomas Crown Affair (1999) Bluray-1080p.nfo' would have been removed
Folder '/mnt/user/Plex Media/Movies/The Thomas Crown Affair (1999)', would have been removed



*****  Talladega Nights The Ballad of Ricky Bobby (2006)  *****
File 'folder.jpg' would have been removed
File 'Talladega Nights The Ballad of Ricky Bobby (2006).jpg' would have been removed
File 'poster.jpg' would have been removed
File 'fanart.jpg' would have been removed
File 'Talladega Nights The Ballad of Ricky Bobby (2006) Bluray-1080p.mkv' would have been removed
File 'Talladega Nights The Ballad of Ricky Bobby (2006) Bluray-1080p.xml' would have been removed
File 'Talladega Nights The Ballad of Ricky Bobby (2006) Bluray-1080p.nfo' would have been removed
Folder '/mnt/user/Plex Media/Movies/Talladega Nights The Ballad of Ricky Bobby (2006)', would have been removed



*****  Step Brothers (2008)  *****
File 'folder.jpg' would have been removed
File 'Step Brothers (2008).jpg' would have been removed
File 'poster.jpg' would have been removed
File 'fanart.jpg' would have been removed
File 'Step Brothers (2008) Bluray-1080p.mkv' would have been removed
File 'Step Brothers (2008) Bluray-1080p.xml' would have been removed
File 'Step Brothers (2008) Bluray-1080p.nfo' would have been removed
Folder '/mnt/user/Plex Media/Movies/Step Brothers (2008)', would have been removed



*****  Starsky & Hutch (2004)  *****
File 'folder.jpg' would have been removed
File 'Starsky & Hutch (2004).jpg' would have been removed
File 'poster.jpg' would have been removed
File 'fanart.jpg' would have been removed
File 'Starsky & Hutch (2004) Bluray-1080p.mkv' would have been removed
File 'Starsky & Hutch (2004) Bluray-1080p.xml' would have been removed
File 'Starsky & Hutch (2004) Bluray-1080p.nfo' would have been removed
Folder '/mnt/user/Plex Media/Movies/Starsky & Hutch (2004)', would have been removed



*****  Star Wars The Last Jedi (2017)  *****
File 'folder.jpg' would have been removed
File 'Star Wars The Last Jedi (2017).jpg' would have been removed
File 'poster.jpg' would have been removed
File 'fanart.jpg' would have been removed
File 'Star Wars The Last Jedi (2017) Bluray-1080p.mkv' would have been removed
File 'Star Wars The Last Jedi (2017) Bluray-1080p.xml' would have been removed
File 'Star Wars The Last Jedi (2017) Bluray-1080p.nfo' would have been removed
Folder '/mnt/user/Plex Media/Movies/Star Wars The Last Jedi (2017)', would have been removed



*****  Snatch (2000)  *****
File 'folder.jpg' would have been removed
File 'Snatch (2000).jpg' would have been removed
File 'poster.jpg' would have been removed
File 'fanart.jpg' would have been removed
File 'Snatch (2000) Bluray-1080p.mkv' would have been removed
File 'Snatch (2000) Bluray-1080p.xml' would have been removed
File 'Snatch (2000) Bluray-1080p.nfo' would have been removed
Folder '/mnt/user/Plex Media/Movies/Snatch (2000)', would have been removed



*****  The Shining (1980)  *****
File 'folder.jpg' would have been removed
File 'The Shining (1980).jpg' would have been removed
File 'poster.jpg' would have been removed
File 'fanart.jpg' would have been removed
File 'The Shining (1980) Bluray-2160p.mkv' would have been removed
File 'The Shining (1980) Bluray-2160p.xml' would have been removed
File 'The Shining (1980) Bluray-2160p.nfo' would have been removed
Folder '/mnt/user/Plex Media/Movies/The Shining (1980)', would have been removed



*****  Rudolph the Red-Nosed Reindeer (1964)  *****
File 'folder.jpg' would have been removed
File 'Rudolph the Red-Nosed Reindeer (1964).jpg' would have been removed
File 'poster.jpg' would have been removed
File 'fanart.jpg' would have been removed
File 'Rudolph the Red-Nosed Reindeer (1964) Bluray-1080p.mkv' would have been removed
File 'Rudolph the Red-Nosed Reindeer (1964) Bluray-1080p.xml' would have been removed
File 'Rudolph the Red-Nosed Reindeer (1964) Bluray-1080p.nfo' would have been removed
Folder '/mnt/user/Plex Media/Movies/Rudolph the Red-Nosed Reindeer (1964)', would have been removed



*****  Rounders (1998)  *****
File 'folder.jpg' would have been removed
File 'Rounders (1998).jpg' would have been removed
File 'poster.jpg' would have been removed
File 'fanart.jpg' would have been removed
File 'Rounders (1998) Bluray-1080p.mkv' would have been removed
File 'Rounders (1998) Bluray-1080p.xml' would have been removed
File 'Rounders (1998) Bluray-1080p.nfo' would have been removed
Folder '/mnt/user/Plex Media/Movies/Rounders (1998)', would have been removed



*****  Rocketman (2019)  *****
File 'folder.jpg' would have been removed
File 'Rocketman (2019).jpg' would have been removed
File 'poster.jpg' would have been removed
File 'fanart.jpg' would have been removed
File 'Rocketman (2019) WEBDL-1080p.mkv' would have been removed
File 'Rocketman (2019) WEBDL-1080p.xml' would have been removed
File 'Rocketman (2019) WEBDL-1080p.nfo' would have been removed
Folder '/mnt/user/Plex Media/Movies/Rocketman (2019)', would have been removed



*****  Parasite (2019)  *****
File 'folder.jpg' would have been removed
File 'Parasite (2019).jpg' would have been removed
File 'poster.jpg' would have been removed
File 'fanart.jpg' would have been removed
File 'Parasite (2019) Bluray-1080p Proper.mkv' would have been removed
File 'Parasite (2019) Bluray-1080p Proper.xml' would have been removed
File 'Parasite (2019) Bluray-1080p Proper.nfo' would have been removed
Folder '/mnt/user/Plex Media/Movies/Parasite (2019)', would have been removed



*****  Only the Brave (2017)  *****
File 'folder.jpg' would have been removed
File 'Only the Brave (2017).jpg' would have been removed
File 'poster.jpg' would have been removed
File 'fanart.jpg' would have been removed
File 'Only the Brave (2017) Bluray-1080p.mkv' would have been removed
File 'Only the Brave (2017) Bluray-1080p.xml' would have been removed
File 'Only the Brave (2017) Bluray-1080p.nfo' would have been removed
Folder '/mnt/user/Plex Media/Movies/Only the Brave (2017)', would have been removed



*****  The Nightmare Before Christmas (1993)  *****
File 'folder.jpg' would have been removed
File 'The Nightmare Before Christmas (1993).jpg' would have been removed
File 'poster.jpg' would have been removed
File 'fanart.jpg' would have been removed
File 'The Nightmare Before Christmas (1993) Bluray-1080p.mkv' would have been removed
File 'The Nightmare Before Christmas (1993) Bluray-1080p.xml' would have been removed
File 'The Nightmare Before Christmas (1993) Bluray-1080p.nfo' would have been removed
Folder '/mnt/user/Plex Media/Movies/The Nightmare Before Christmas (1993)', would have been removed



*****  National Lampoon's Christmas Vacation (1989)  *****
File 'folder.jpg' would have been removed
File 'National Lampoon's Christmas Vacation (1989).jpg' would have been removed
File 'poster.jpg' would have been removed
File 'fanart.jpg' would have been removed
File 'National Lampoon's Christmas Vacation (1989) Bluray-1080p Proper.mkv' would have been removed
File 'National Lampoon's Christmas Vacation (1989) Bluray-1080p Proper.xml' would have been removed
File 'National Lampoon's Christmas Vacation (1989) Bluray-1080p Proper.nfo' would have been removed
Folder '/mnt/user/Plex Media/Movies/National Lampoon's Christmas Vacation (1989)', would have been removed



*****  The Naked Gun From the Files of Police Squad! (1988)  *****
File 'folder.jpg' would have been removed
File 'The Naked Gun From the Files of Police Squad! (1988).jpg' would have been removed
File 'poster.jpg' would have been removed
File 'fanart.jpg' would have been removed
File 'The Naked Gun From the Files of Police Squad! (1988) Bluray-1080p.mkv' would have been removed
File 'The Naked Gun From the Files of Police Squad! (1988) Bluray-1080p.xml' would have been removed
File 'The Naked Gun From the Files of Police Squad! (1988) Bluray-1080p.nfo' would have been removed
Folder '/mnt/user/Plex Media/Movies/The Naked Gun From the Files of Police Squad! (1988)', would have been removed



*****  Naked Gun 33⅓ The Final Insult (1994)  *****
File 'folder.jpg' would have been removed
File 'Naked Gun 33⅓ The Final Insult (1994).jpg' would have been removed
File 'poster.jpg' would have been removed
File 'fanart.jpg' would have been removed
File 'Naked Gun 33⅓ The Final Insult (1994) Bluray-1080p.mkv' would have been removed
File 'Naked Gun 33⅓ The Final Insult (1994) Bluray-1080p.xml' would have been removed
File 'Naked Gun 33⅓ The Final Insult (1994) Bluray-1080p.nfo' would have been removed
Folder '/mnt/user/Plex Media/Movies/Naked Gun 33⅓ The Final Insult (1994)', would have been removed



*****  Mr. Popper's Penguins (2011)  *****
File 'folder.jpg' would have been removed
File 'Mr. Popper's Penguins (2011).jpg' would have been removed
File 'poster.jpg' would have been removed
File 'fanart.jpg' would have been removed
File 'Mr. Popper's Penguins (2011) Bluray-1080p Proper.mkv' would have been removed
File 'Mr. Popper's Penguins (2011) Bluray-1080p Proper.xml' would have been removed
File 'Mr. Popper's Penguins (2011) Bluray-1080p Proper.nfo' would have been removed
Folder '/mnt/user/Plex Media/Movies/Mr. Popper's Penguins (2011)', would have been removed



*****  Mean Girls (2004)  *****
File 'folder.jpg' would have been removed
File 'Mean Girls (2004).jpg' would have been removed
File 'poster.jpg' would have been removed
File 'fanart.jpg' would have been removed
File 'Mean Girls (2004) Bluray-1080p.mkv' would have been removed
File 'Mean Girls (2004) Bluray-1080p.xml' would have been removed
File 'Mean Girls (2004) Bluray-1080p.nfo' would have been removed
Folder '/mnt/user/Plex Media/Movies/Mean Girls (2004)', would have been removed



*****  Matilda (1996)  *****
File 'folder.jpg' would have been removed
File 'Matilda (1996).jpg' would have been removed
File 'poster.jpg' would have been removed
File 'fanart.jpg' would have been removed
File 'Matilda (1996) Bluray-1080p.mkv' would have been removed
File 'Matilda (1996) Bluray-1080p.xml' would have been removed
File 'Matilda (1996) Bluray-1080p.nfo' would have been removed
Folder '/mnt/user/Plex Media/Movies/Matilda (1996)', would have been removed



*****  Marriage Story (2019)  *****
File 'folder.jpg' would have been removed
File 'Marriage Story (2019).jpg' would have been removed
File 'poster.jpg' would have been removed
File 'fanart.jpg' would have been removed
File 'Marriage Story (2019) WEBDL-2160p.mkv' would have been removed
File 'Marriage Story (2019) WEBDL-2160p.xml' would have been removed
File 'Marriage Story (2019) WEBDL-2160p.nfo' would have been removed
Folder '/mnt/user/Plex Media/Movies/Marriage Story (2019)', would have been removed



*****  Man on the Moon (1999)  *****
File 'folder.jpg' would have been removed
File 'Man on the Moon (1999).jpg' would have been removed
File 'poster.jpg' would have been removed
File 'fanart.jpg' would have been removed
File 'Man on the Moon (1999) Bluray-1080p.mkv' would have been removed
File 'Man on the Moon (1999) Bluray-1080p.xml' would have been removed
File 'Man on the Moon (1999) Bluray-1080p.nfo' would have been removed
Folder '/mnt/user/Plex Media/Movies/Man on the Moon (1999)', would have been removed



*****  Man of Steel (2013)  *****
File 'folder.jpg' would have been removed
File 'Man of Steel (2013).jpg' would have been removed
File 'poster.jpg' would have been removed
File 'fanart.jpg' would have been removed
File 'Man of Steel (2013) Bluray-1080p.mkv' would have been removed
File 'Man of Steel (2013) Bluray-1080p.xml' would have been removed
File 'Man of Steel (2013) Bluray-1080p.nfo' would have been removed
Folder '/mnt/user/Plex Media/Movies/Man of Steel (2013)', would have been removed



*****  The Man from U.N.C.L.E. (2015)  *****
File 'folder.jpg' would have been removed
File 'The Man from U.N.C.L.E. (2015).jpg' would have been removed
File 'poster.jpg' would have been removed
File 'fanart.jpg' would have been removed
File 'The Man from U.N.C.L.E. (2015) Bluray-1080p.mkv' would have been removed
File 'The Man from U.N.C.L.E. (2015) Bluray-1080p.xml' would have been removed
File 'The Man from U.N.C.L.E. (2015) Bluray-1080p.nfo' would have been removed
Folder '/mnt/user/Plex Media/Movies/The Man from U.N.C.L.E. (2015)', would have been removed



*****  The Maltese Falcon (1941)  *****
File 'folder.jpg' would have been removed
File 'The Maltese Falcon (1941).jpg' would have been removed
File 'poster.jpg' would have been removed
File 'fanart.jpg' would have been removed
File 'The Maltese Falcon (1941) Bluray-1080p.mkv' would have been removed
File 'The Maltese Falcon (1941) Bluray-1080p.xml' would have been removed
File 'The Maltese Falcon (1941) Bluray-1080p.nfo' would have been removed
Folder '/mnt/user/Plex Media/Movies/The Maltese Falcon (1941)', would have been removed



*****  Madagascar (2005)  *****
File 'folder.jpg' would have been removed
File 'Madagascar (2005).jpg' would have been removed
File 'poster.jpg' would have been removed
File 'fanart.jpg' would have been removed
File 'Madagascar (2005) Bluray-1080p.mkv' would have been removed
File 'Madagascar (2005) Bluray-1080p.xml' would have been removed
File 'Madagascar (2005) Bluray-1080p.nfo' would have been removed
Folder '/mnt/user/Plex Media/Movies/Madagascar (2005)', would have been removed



*****  Last Christmas (2019)  *****
File 'folder.jpg' would have been removed
File 'Last Christmas (2019).jpg' would have been removed
File 'poster.jpg' would have been removed
File 'fanart.jpg' would have been removed
File 'Last Christmas (2019) WEBDL-1080p.mkv' would have been removed
File 'Last Christmas (2019) WEBDL-1080p.xml' would have been removed
File 'Last Christmas (2019) WEBDL-1080p.nfo' would have been removed
Folder '/mnt/user/Plex Media/Movies/Last Christmas (2019)', would have been removed



*****  Knocked Up (2007)  *****
File 'folder.jpg' would have been removed
File 'Knocked Up (2007).jpg' would have been removed
File 'poster.jpg' would have been removed
File 'fanart.jpg' would have been removed
File 'Knocked Up (2007) Bluray-1080p.mkv' would have been removed
File 'Knocked Up (2007) Bluray-1080p.xml' would have been removed
File 'Knocked Up (2007) Bluray-1080p.nfo' would have been removed
Folder '/mnt/user/Plex Media/Movies/Knocked Up (2007)', would have been removed



*****  Joker (2019)  *****
File 'folder.jpg' would have been removed
File 'Joker (2019).jpg' would have been removed
File 'poster.jpg' would have been removed
File 'fanart.jpg' would have been removed
File 'Joker (2019) WEBDL-1080p.mkv' would have been removed
File 'Joker (2019) WEBDL-1080p.xml' would have been removed
File 'Joker (2019) WEBDL-1080p.nfo' would have been removed
Folder '/mnt/user/Plex Media/Movies/Joker (2019)', would have been removed



*****  The Italian Job (2003)  *****
File 'folder.jpg' would have been removed
File 'The Italian Job (2003).jpg' would have been removed
File 'poster.jpg' would have been removed
File 'fanart.jpg' would have been removed
File 'The Italian Job (2003) WEBDL-720p.mkv' would have been removed
File 'The Italian Job (2003) WEBDL-720p.xml' would have been removed
File 'The Italian Job (2003) WEBDL-720p.nfo' would have been removed
Folder '/mnt/user/Plex Media/Movies/The Italian Job (2003)', would have been removed



*****  It Chapter Two (2019)  *****
File 'folder.jpg' would have been removed
File 'It Chapter Two (2019).jpg' would have been removed
File 'poster.jpg' would have been removed
File 'fanart.jpg' would have been removed
File 'It Chapter Two (2019) WEBDL-1080p.mkv' would have been removed
File 'It Chapter Two (2019) WEBDL-1080p.xml' would have been removed
File 'It Chapter Two (2019) WEBDL-1080p.nfo' would have been removed
Folder '/mnt/user/Plex Media/Movies/It Chapter Two (2019)', would have been removed



*****  It (2017)  *****
File 'folder.jpg' would have been removed
File 'It (2017).jpg' would have been removed
File 'poster.jpg' would have been removed
File 'fanart.jpg' would have been removed
File 'It (2017) Bluray-1080p Proper.mkv' would have been removed
File 'It (2017) Bluray-1080p Proper.xml' would have been removed
File 'It (2017) Bluray-1080p Proper.nfo' would have been removed
Folder '/mnt/user/Plex Media/Movies/It (2017)', would have been removed



*****  I Love You, Man (2009)  *****
File 'folder.jpg' would have been removed
File 'I Love You, Man (2009).jpg' would have been removed
File 'poster.jpg' would have been removed
File 'fanart.jpg' would have been removed
File 'I Love You, Man (2009) Bluray-1080p.mkv' would have been removed
File 'I Love You, Man (2009) Bluray-1080p.xml' would have been removed
File 'I Love You, Man (2009) Bluray-1080p.nfo' would have been removed
Folder '/mnt/user/Plex Media/Movies/I Love You, Man (2009)', would have been removed



*****  The Hustler (1961)  *****
File 'folder.jpg' would have been removed
File 'The Hustler (1961).jpg' would have been removed
File 'poster.jpg' would have been removed
File 'fanart.jpg' would have been removed
File 'The Hustler (1961) Bluray-1080p.mkv' would have been removed
File 'The Hustler (1961) Bluray-1080p.xml' would have been removed
File 'The Hustler (1961) Bluray-1080p.nfo' would have been removed
Folder '/mnt/user/Plex Media/Movies/The Hustler (1961)', would have been removed



*****  How the Grinch Stole Christmas! (1966)  *****
File 'folder.jpg' would have been removed
File 'How the Grinch Stole Christmas! (1966).jpg' would have been removed
File 'poster.jpg' would have been removed
File 'fanart.jpg' would have been removed
File 'How the Grinch Stole Christmas! (1966) Bluray-1080p.mkv' would have been removed
File 'How the Grinch Stole Christmas! (1966) Bluray-1080p.xml' would have been removed
File 'How the Grinch Stole Christmas! (1966) Bluray-1080p.nfo' would have been removed
Folder '/mnt/user/Plex Media/Movies/How the Grinch Stole Christmas! (1966)', would have been removed



*****  Hot Tub Time Machine 2 (2015)  *****
File 'folder.jpg' would have been removed
File 'Hot Tub Time Machine 2 (2015).jpg' would have been removed
File 'poster.jpg' would have been removed
File 'fanart.jpg' would have been removed
File 'Hot Tub Time Machine 2 (2015) Bluray-1080p.mkv' would have been removed
File 'Hot Tub Time Machine 2 (2015) Bluray-1080p.xml' would have been removed
File 'Hot Tub Time Machine 2 (2015) Bluray-1080p.nfo' would have been removed
Folder '/mnt/user/Plex Media/Movies/Hot Tub Time Machine 2 (2015)', would have been removed



*****  Hot Tub Time Machine (2010)  *****
File 'folder.jpg' would have been removed
File 'Hot Tub Time Machine (2010).jpg' would have been removed
File 'poster.jpg' would have been removed
File 'fanart.jpg' would have been removed
File 'Hot Tub Time Machine (2010) Bluray-1080p.mkv' would have been removed
File 'Hot Tub Time Machine (2010) Bluray-1080p.xml' would have been removed
File 'Hot Tub Time Machine (2010) Bluray-1080p.nfo' would have been removed
Folder '/mnt/user/Plex Media/Movies/Hot Tub Time Machine (2010)', would have been removed



